This is pdfTeX, Version 3.14159265-2.6-1.40.19 (MiKTeX 2.9.6630 64-bit) (preloaded format=pdflatex 2018.5.6)  22 MAR 2020 16:36
entering extended mode
**./SRW.tex
(SRW.tex
LaTeX2e <2017-04-15>
Babel <3.18> and hyphenation patterns for 75 language(s) loaded.
("C:\Program Files\MiKTeX 2.9\tex\latex\extsizes\extarticle.cls"
Document Class: extarticle 1996/10/08 v1.0 Non Standard LaTeX document class
("C:\Program Files\MiKTeX 2.9\tex\latex\extsizes\size14.clo"
File: size14.clo 1999/11/11 v1.4a NON-Standard LaTeX file (size option)
) ("C:\Program Files\MiKTeX 2.9\tex\latex\base\exscale.sty"
Package: exscale 2014/09/29 v2.1h Standard LaTeX package exscale
LaTeX Font Info:    Redeclaring symbol font `largesymbols' on input line 57.
LaTeX Font Info:    Overwriting symbol font `largesymbols' in version `normal'
(Font)                  OMX/cmex/m/n --> OMX/cmex/m/n on input line 57.
LaTeX Font Info:    Overwriting symbol font `largesymbols' in version `bold'
(Font)                  OMX/cmex/m/n --> OMX/cmex/m/n on input line 57.
\big@size=\dimen102
)
\c@part=\count79
\c@section=\count80
\c@subsection=\count81
\c@subsubsection=\count82
\c@paragraph=\count83
\c@subparagraph=\count84
\c@figure=\count85
\c@table=\count86
\abovecaptionskip=\skip41
\belowcaptionskip=\skip42
\bibindent=\dimen103
) ("C:\Program Files\MiKTeX 2.9\tex\latex\cmap\cmap.sty"
Package: cmap 2008/03/06 v1.0h CMap support: searchable PDF
) ("C:\Program Files\MiKTeX 2.9\tex\latex\base\fontenc.sty"
Package: fontenc 2017/04/05 v2.0i Standard LaTeX package

("C:\Program Files\MiKTeX 2.9\tex\latex\cyrillic\t2aenc.def"
File: t2aenc.def 2005/09/27 v1.0i Cyrillic encoding definition file
)
LaTeX Font Info:    Try loading font information for T2A+cmr on input line 105.
 ("C:\Program Files\MiKTeX 2.9\tex\latex\cyrillic\t2acmr.fd"
File: t2acmr.fd 2001/08/11 v1.0a Computer Modern Cyrillic font definitions
)<<t2a.cmap>>) ("C:\Program Files\MiKTeX 2.9\tex\latex\base\inputenc.sty"
Package: inputenc 2015/03/17 v1.2c Input encoding file
\inpenc@prehook=\toks14
\inpenc@posthook=\toks15

("C:\Program Files\MiKTeX 2.9\tex\latex\base\utf8.def"
File: utf8.def 2017/01/28 v1.1t UTF-8 support for inputenc
Now handling font encoding OML ...
... no UTF-8 mapping file for font encoding OML
Now handling font encoding T1 ...
... processing UTF-8 mapping file for font encoding T1
 ("C:\Program Files\MiKTeX 2.9\tex\latex\base\t1enc.dfu"
File: t1enc.dfu 2017/01/28 v1.1t UTF-8 support for inputenc
   defining Unicode char U+00A0 (decimal 160)
   defining Unicode char U+00A1 (decimal 161)
   defining Unicode char U+00A3 (decimal 163)
   defining Unicode char U+00AB (decimal 171)
   defining Unicode char U+00AD (decimal 173)
   defining Unicode char U+00BB (decimal 187)
   defining Unicode char U+00BF (decimal 191)
   defining Unicode char U+00C0 (decimal 192)
   defining Unicode char U+00C1 (decimal 193)
   defining Unicode char U+00C2 (decimal 194)
   defining Unicode char U+00C3 (decimal 195)
   defining Unicode char U+00C4 (decimal 196)
   defining Unicode char U+00C5 (decimal 197)
   defining Unicode char U+00C6 (decimal 198)
   defining Unicode char U+00C7 (decimal 199)
   defining Unicode char U+00C8 (decimal 200)
   defining Unicode char U+00C9 (decimal 201)
   defining Unicode char U+00CA (decimal 202)
   defining Unicode char U+00CB (decimal 203)
   defining Unicode char U+00CC (decimal 204)
   defining Unicode char U+00CD (decimal 205)
   defining Unicode char U+00CE (decimal 206)
   defining Unicode char U+00CF (decimal 207)
   defining Unicode char U+00D0 (decimal 208)
   defining Unicode char U+00D1 (decimal 209)
   defining Unicode char U+00D2 (decimal 210)
   defining Unicode char U+00D3 (decimal 211)
   defining Unicode char U+00D4 (decimal 212)
   defining Unicode char U+00D5 (decimal 213)
   defining Unicode char U+00D6 (decimal 214)
   defining Unicode char U+00D8 (decimal 216)
   defining Unicode char U+00D9 (decimal 217)
   defining Unicode char U+00DA (decimal 218)
   defining Unicode char U+00DB (decimal 219)
   defining Unicode char U+00DC (decimal 220)
   defining Unicode char U+00DD (decimal 221)
   defining Unicode char U+00DE (decimal 222)
   defining Unicode char U+00DF (decimal 223)
   defining Unicode char U+00E0 (decimal 224)
   defining Unicode char U+00E1 (decimal 225)
   defining Unicode char U+00E2 (decimal 226)
   defining Unicode char U+00E3 (decimal 227)
   defining Unicode char U+00E4 (decimal 228)
   defining Unicode char U+00E5 (decimal 229)
   defining Unicode char U+00E6 (decimal 230)
   defining Unicode char U+00E7 (decimal 231)
   defining Unicode char U+00E8 (decimal 232)
   defining Unicode char U+00E9 (decimal 233)
   defining Unicode char U+00EA (decimal 234)
   defining Unicode char U+00EB (decimal 235)
   defining Unicode char U+00EC (decimal 236)
   defining Unicode char U+00ED (decimal 237)
   defining Unicode char U+00EE (decimal 238)
   defining Unicode char U+00EF (decimal 239)
   defining Unicode char U+00F0 (decimal 240)
   defining Unicode char U+00F1 (decimal 241)
   defining Unicode char U+00F2 (decimal 242)
   defining Unicode char U+00F3 (decimal 243)
   defining Unicode char U+00F4 (decimal 244)
   defining Unicode char U+00F5 (decimal 245)
   defining Unicode char U+00F6 (decimal 246)
   defining Unicode char U+00F8 (decimal 248)
   defining Unicode char U+00F9 (decimal 249)
   defining Unicode char U+00FA (decimal 250)
   defining Unicode char U+00FB (decimal 251)
   defining Unicode char U+00FC (decimal 252)
   defining Unicode char U+00FD (decimal 253)
   defining Unicode char U+00FE (decimal 254)
   defining Unicode char U+00FF (decimal 255)
   defining Unicode char U+0100 (decimal 256)
   defining Unicode char U+0101 (decimal 257)
   defining Unicode char U+0102 (decimal 258)
   defining Unicode char U+0103 (decimal 259)
   defining Unicode char U+0104 (decimal 260)
   defining Unicode char U+0105 (decimal 261)
   defining Unicode char U+0106 (decimal 262)
   defining Unicode char U+0107 (decimal 263)
   defining Unicode char U+0108 (decimal 264)
   defining Unicode char U+0109 (decimal 265)
   defining Unicode char U+010A (decimal 266)
   defining Unicode char U+010B (decimal 267)
   defining Unicode char U+010C (decimal 268)
   defining Unicode char U+010D (decimal 269)
   defining Unicode char U+010E (decimal 270)
   defining Unicode char U+010F (decimal 271)
   defining Unicode char U+0110 (decimal 272)
   defining Unicode char U+0111 (decimal 273)
   defining Unicode char U+0112 (decimal 274)
   defining Unicode char U+0113 (decimal 275)
   defining Unicode char U+0114 (decimal 276)
   defining Unicode char U+0115 (decimal 277)
   defining Unicode char U+0116 (decimal 278)
   defining Unicode char U+0117 (decimal 279)
   defining Unicode char U+0118 (decimal 280)
   defining Unicode char U+0119 (decimal 281)
   defining Unicode char U+011A (decimal 282)
   defining Unicode char U+011B (decimal 283)
   defining Unicode char U+011C (decimal 284)
   defining Unicode char U+011D (decimal 285)
   defining Unicode char U+011E (decimal 286)
   defining Unicode char U+011F (decimal 287)
   defining Unicode char U+0120 (decimal 288)
   defining Unicode char U+0121 (decimal 289)
   defining Unicode char U+0122 (decimal 290)
   defining Unicode char U+0123 (decimal 291)
   defining Unicode char U+0124 (decimal 292)
   defining Unicode char U+0125 (decimal 293)
   defining Unicode char U+0128 (decimal 296)
   defining Unicode char U+0129 (decimal 297)
   defining Unicode char U+012A (decimal 298)
   defining Unicode char U+012B (decimal 299)
   defining Unicode char U+012C (decimal 300)
   defining Unicode char U+012D (decimal 301)
   defining Unicode char U+012E (decimal 302)
   defining Unicode char U+012F (decimal 303)
   defining Unicode char U+0130 (decimal 304)
   defining Unicode char U+0131 (decimal 305)
   defining Unicode char U+0132 (decimal 306)
   defining Unicode char U+0133 (decimal 307)
   defining Unicode char U+0134 (decimal 308)
   defining Unicode char U+0135 (decimal 309)
   defining Unicode char U+0136 (decimal 310)
   defining Unicode char U+0137 (decimal 311)
   defining Unicode char U+0139 (decimal 313)
   defining Unicode char U+013A (decimal 314)
   defining Unicode char U+013B (decimal 315)
   defining Unicode char U+013C (decimal 316)
   defining Unicode char U+013D (decimal 317)
   defining Unicode char U+013E (decimal 318)
   defining Unicode char U+0141 (decimal 321)
   defining Unicode char U+0142 (decimal 322)
   defining Unicode char U+0143 (decimal 323)
   defining Unicode char U+0144 (decimal 324)
   defining Unicode char U+0145 (decimal 325)
   defining Unicode char U+0146 (decimal 326)
   defining Unicode char U+0147 (decimal 327)
   defining Unicode char U+0148 (decimal 328)
   defining Unicode char U+014A (decimal 330)
   defining Unicode char U+014B (decimal 331)
   defining Unicode char U+014C (decimal 332)
   defining Unicode char U+014D (decimal 333)
   defining Unicode char U+014E (decimal 334)
   defining Unicode char U+014F (decimal 335)
   defining Unicode char U+0150 (decimal 336)
   defining Unicode char U+0151 (decimal 337)
   defining Unicode char U+0152 (decimal 338)
   defining Unicode char U+0153 (decimal 339)
   defining Unicode char U+0154 (decimal 340)
   defining Unicode char U+0155 (decimal 341)
   defining Unicode char U+0156 (decimal 342)
   defining Unicode char U+0157 (decimal 343)
   defining Unicode char U+0158 (decimal 344)
   defining Unicode char U+0159 (decimal 345)
   defining Unicode char U+015A (decimal 346)
   defining Unicode char U+015B (decimal 347)
   defining Unicode char U+015C (decimal 348)
   defining Unicode char U+015D (decimal 349)
   defining Unicode char U+015E (decimal 350)
   defining Unicode char U+015F (decimal 351)
   defining Unicode char U+0160 (decimal 352)
   defining Unicode char U+0161 (decimal 353)
   defining Unicode char U+0162 (decimal 354)
   defining Unicode char U+0163 (decimal 355)
   defining Unicode char U+0164 (decimal 356)
   defining Unicode char U+0165 (decimal 357)
   defining Unicode char U+0168 (decimal 360)
   defining Unicode char U+0169 (decimal 361)
   defining Unicode char U+016A (decimal 362)
   defining Unicode char U+016B (decimal 363)
   defining Unicode char U+016C (decimal 364)
   defining Unicode char U+016D (decimal 365)
   defining Unicode char U+016E (decimal 366)
   defining Unicode char U+016F (decimal 367)
   defining Unicode char U+0170 (decimal 368)
   defining Unicode char U+0171 (decimal 369)
   defining Unicode char U+0172 (decimal 370)
   defining Unicode char U+0173 (decimal 371)
   defining Unicode char U+0174 (decimal 372)
   defining Unicode char U+0175 (decimal 373)
   defining Unicode char U+0176 (decimal 374)
   defining Unicode char U+0177 (decimal 375)
   defining Unicode char U+0178 (decimal 376)
   defining Unicode char U+0179 (decimal 377)
   defining Unicode char U+017A (decimal 378)
   defining Unicode char U+017B (decimal 379)
   defining Unicode char U+017C (decimal 380)
   defining Unicode char U+017D (decimal 381)
   defining Unicode char U+017E (decimal 382)
   defining Unicode char U+01CD (decimal 461)
   defining Unicode char U+01CE (decimal 462)
   defining Unicode char U+01CF (decimal 463)
   defining Unicode char U+01D0 (decimal 464)
   defining Unicode char U+01D1 (decimal 465)
   defining Unicode char U+01D2 (decimal 466)
   defining Unicode char U+01D3 (decimal 467)
   defining Unicode char U+01D4 (decimal 468)
   defining Unicode char U+01E2 (decimal 482)
   defining Unicode char U+01E3 (decimal 483)
   defining Unicode char U+01E6 (decimal 486)
   defining Unicode char U+01E7 (decimal 487)
   defining Unicode char U+01E8 (decimal 488)
   defining Unicode char U+01E9 (decimal 489)
   defining Unicode char U+01EA (decimal 490)
   defining Unicode char U+01EB (decimal 491)
   defining Unicode char U+01F0 (decimal 496)
   defining Unicode char U+01F4 (decimal 500)
   defining Unicode char U+01F5 (decimal 501)
   defining Unicode char U+0218 (decimal 536)
   defining Unicode char U+0219 (decimal 537)
   defining Unicode char U+021A (decimal 538)
   defining Unicode char U+021B (decimal 539)
   defining Unicode char U+0232 (decimal 562)
   defining Unicode char U+0233 (decimal 563)
   defining Unicode char U+1E02 (decimal 7682)
   defining Unicode char U+1E03 (decimal 7683)
   defining Unicode char U+200C (decimal 8204)
   defining Unicode char U+2010 (decimal 8208)
   defining Unicode char U+2011 (decimal 8209)
   defining Unicode char U+2012 (decimal 8210)
   defining Unicode char U+2013 (decimal 8211)
   defining Unicode char U+2014 (decimal 8212)
   defining Unicode char U+2015 (decimal 8213)
   defining Unicode char U+2018 (decimal 8216)
   defining Unicode char U+2019 (decimal 8217)
   defining Unicode char U+201A (decimal 8218)
   defining Unicode char U+201C (decimal 8220)
   defining Unicode char U+201D (decimal 8221)
   defining Unicode char U+201E (decimal 8222)
   defining Unicode char U+2030 (decimal 8240)
   defining Unicode char U+2031 (decimal 8241)
   defining Unicode char U+2039 (decimal 8249)
   defining Unicode char U+203A (decimal 8250)
   defining Unicode char U+2423 (decimal 9251)
   defining Unicode char U+1E20 (decimal 7712)
   defining Unicode char U+1E21 (decimal 7713)
)
Now handling font encoding OT1 ...
... processing UTF-8 mapping file for font encoding OT1

("C:\Program Files\MiKTeX 2.9\tex\latex\base\ot1enc.dfu"
File: ot1enc.dfu 2017/01/28 v1.1t UTF-8 support for inputenc
   defining Unicode char U+00A0 (decimal 160)
   defining Unicode char U+00A1 (decimal 161)
   defining Unicode char U+00A3 (decimal 163)
   defining Unicode char U+00AD (decimal 173)
   defining Unicode char U+00B8 (decimal 184)
   defining Unicode char U+00BF (decimal 191)
   defining Unicode char U+00C5 (decimal 197)
   defining Unicode char U+00C6 (decimal 198)
   defining Unicode char U+00D8 (decimal 216)
   defining Unicode char U+00DF (decimal 223)
   defining Unicode char U+00E6 (decimal 230)
   defining Unicode char U+00EC (decimal 236)
   defining Unicode char U+00ED (decimal 237)
   defining Unicode char U+00EE (decimal 238)
   defining Unicode char U+00EF (decimal 239)
   defining Unicode char U+00F8 (decimal 248)
   defining Unicode char U+0131 (decimal 305)
   defining Unicode char U+0141 (decimal 321)
   defining Unicode char U+0142 (decimal 322)
   defining Unicode char U+0152 (decimal 338)
   defining Unicode char U+0153 (decimal 339)
   defining Unicode char U+0174 (decimal 372)
   defining Unicode char U+0175 (decimal 373)
   defining Unicode char U+0176 (decimal 374)
   defining Unicode char U+0177 (decimal 375)
   defining Unicode char U+0218 (decimal 536)
   defining Unicode char U+0219 (decimal 537)
   defining Unicode char U+021A (decimal 538)
   defining Unicode char U+021B (decimal 539)
   defining Unicode char U+2013 (decimal 8211)
   defining Unicode char U+2014 (decimal 8212)
   defining Unicode char U+2018 (decimal 8216)
   defining Unicode char U+2019 (decimal 8217)
   defining Unicode char U+201C (decimal 8220)
   defining Unicode char U+201D (decimal 8221)
)
Now handling font encoding OMS ...
... processing UTF-8 mapping file for font encoding OMS
 ("C:\Program Files\MiKTeX 2.9\tex\latex\base\omsenc.dfu"
File: omsenc.dfu 2017/01/28 v1.1t UTF-8 support for inputenc
   defining Unicode char U+00A7 (decimal 167)
   defining Unicode char U+00B6 (decimal 182)
   defining Unicode char U+00B7 (decimal 183)
   defining Unicode char U+2020 (decimal 8224)
   defining Unicode char U+2021 (decimal 8225)
   defining Unicode char U+2022 (decimal 8226)
)
Now handling font encoding OMX ...
... no UTF-8 mapping file for font encoding OMX
Now handling font encoding U ...
... no UTF-8 mapping file for font encoding U
Now handling font encoding T2A ...
... processing UTF-8 mapping file for font encoding T2A

("C:\Program Files\MiKTeX 2.9\tex\latex\base\t2aenc.dfu"
File: t2aenc.dfu 2017/01/28 v1.1t UTF-8 support for inputenc
   defining Unicode char U+00A4 (decimal 164)
   defining Unicode char U+00A7 (decimal 167)
   defining Unicode char U+00AB (decimal 171)
   defining Unicode char U+00BB (decimal 187)
   defining Unicode char U+0131 (decimal 305)
   defining Unicode char U+0400 (decimal 1024)
   defining Unicode char U+0401 (decimal 1025)
   defining Unicode char U+0402 (decimal 1026)
   defining Unicode char U+0403 (decimal 1027)
   defining Unicode char U+0404 (decimal 1028)
   defining Unicode char U+0405 (decimal 1029)
   defining Unicode char U+0406 (decimal 1030)
   defining Unicode char U+0407 (decimal 1031)
   defining Unicode char U+0408 (decimal 1032)
   defining Unicode char U+0409 (decimal 1033)
   defining Unicode char U+040A (decimal 1034)
   defining Unicode char U+040B (decimal 1035)
   defining Unicode char U+040C (decimal 1036)
   defining Unicode char U+040D (decimal 1037)
   defining Unicode char U+040E (decimal 1038)
   defining Unicode char U+040F (decimal 1039)
   defining Unicode char U+0410 (decimal 1040)
   defining Unicode char U+0411 (decimal 1041)
   defining Unicode char U+0412 (decimal 1042)
   defining Unicode char U+0413 (decimal 1043)
   defining Unicode char U+0414 (decimal 1044)
   defining Unicode char U+0415 (decimal 1045)
   defining Unicode char U+0416 (decimal 1046)
   defining Unicode char U+0417 (decimal 1047)
   defining Unicode char U+0418 (decimal 1048)
   defining Unicode char U+0419 (decimal 1049)
   defining Unicode char U+041A (decimal 1050)
   defining Unicode char U+041B (decimal 1051)
   defining Unicode char U+041C (decimal 1052)
   defining Unicode char U+041D (decimal 1053)
   defining Unicode char U+041E (decimal 1054)
   defining Unicode char U+041F (decimal 1055)
   defining Unicode char U+0420 (decimal 1056)
   defining Unicode char U+0421 (decimal 1057)
   defining Unicode char U+0422 (decimal 1058)
   defining Unicode char U+0423 (decimal 1059)
   defining Unicode char U+0424 (decimal 1060)
   defining Unicode char U+0425 (decimal 1061)
   defining Unicode char U+0426 (decimal 1062)
   defining Unicode char U+0427 (decimal 1063)
   defining Unicode char U+0428 (decimal 1064)
   defining Unicode char U+0429 (decimal 1065)
   defining Unicode char U+042A (decimal 1066)
   defining Unicode char U+042B (decimal 1067)
   defining Unicode char U+042C (decimal 1068)
   defining Unicode char U+042D (decimal 1069)
   defining Unicode char U+042E (decimal 1070)
   defining Unicode char U+042F (decimal 1071)
   defining Unicode char U+0430 (decimal 1072)
   defining Unicode char U+0431 (decimal 1073)
   defining Unicode char U+0432 (decimal 1074)
   defining Unicode char U+0433 (decimal 1075)
   defining Unicode char U+0434 (decimal 1076)
   defining Unicode char U+0435 (decimal 1077)
   defining Unicode char U+0436 (decimal 1078)
   defining Unicode char U+0437 (decimal 1079)
   defining Unicode char U+0438 (decimal 1080)
   defining Unicode char U+0439 (decimal 1081)
   defining Unicode char U+043A (decimal 1082)
   defining Unicode char U+043B (decimal 1083)
   defining Unicode char U+043C (decimal 1084)
   defining Unicode char U+043D (decimal 1085)
   defining Unicode char U+043E (decimal 1086)
   defining Unicode char U+043F (decimal 1087)
   defining Unicode char U+0440 (decimal 1088)
   defining Unicode char U+0441 (decimal 1089)
   defining Unicode char U+0442 (decimal 1090)
   defining Unicode char U+0443 (decimal 1091)
   defining Unicode char U+0444 (decimal 1092)
   defining Unicode char U+0445 (decimal 1093)
   defining Unicode char U+0446 (decimal 1094)
   defining Unicode char U+0447 (decimal 1095)
   defining Unicode char U+0448 (decimal 1096)
   defining Unicode char U+0449 (decimal 1097)
   defining Unicode char U+044A (decimal 1098)
   defining Unicode char U+044B (decimal 1099)
   defining Unicode char U+044C (decimal 1100)
   defining Unicode char U+044D (decimal 1101)
   defining Unicode char U+044E (decimal 1102)
   defining Unicode char U+044F (decimal 1103)
   defining Unicode char U+0450 (decimal 1104)
   defining Unicode char U+0451 (decimal 1105)
   defining Unicode char U+0452 (decimal 1106)
   defining Unicode char U+0453 (decimal 1107)
   defining Unicode char U+0454 (decimal 1108)
   defining Unicode char U+0455 (decimal 1109)
   defining Unicode char U+0456 (decimal 1110)
   defining Unicode char U+0457 (decimal 1111)
   defining Unicode char U+0458 (decimal 1112)
   defining Unicode char U+0459 (decimal 1113)
   defining Unicode char U+045A (decimal 1114)
   defining Unicode char U+045B (decimal 1115)
   defining Unicode char U+045C (decimal 1116)
   defining Unicode char U+045D (decimal 1117)
   defining Unicode char U+045E (decimal 1118)
   defining Unicode char U+045F (decimal 1119)
   defining Unicode char U+0490 (decimal 1168)
   defining Unicode char U+0491 (decimal 1169)
   defining Unicode char U+0492 (decimal 1170)
   defining Unicode char U+0493 (decimal 1171)
   defining Unicode char U+0496 (decimal 1174)
   defining Unicode char U+0497 (decimal 1175)
   defining Unicode char U+0498 (decimal 1176)
   defining Unicode char U+0499 (decimal 1177)
   defining Unicode char U+049A (decimal 1178)
   defining Unicode char U+049B (decimal 1179)
   defining Unicode char U+049C (decimal 1180)
   defining Unicode char U+049D (decimal 1181)
   defining Unicode char U+04A0 (decimal 1184)
   defining Unicode char U+04A1 (decimal 1185)
   defining Unicode char U+04A2 (decimal 1186)
   defining Unicode char U+04A3 (decimal 1187)
   defining Unicode char U+04A4 (decimal 1188)
   defining Unicode char U+04A5 (decimal 1189)
   defining Unicode char U+04AA (decimal 1194)
   defining Unicode char U+04AB (decimal 1195)
   defining Unicode char U+04AE (decimal 1198)
   defining Unicode char U+04AF (decimal 1199)
   defining Unicode char U+04B0 (decimal 1200)
   defining Unicode char U+04B1 (decimal 1201)
   defining Unicode char U+04B2 (decimal 1202)
   defining Unicode char U+04B3 (decimal 1203)
   defining Unicode char U+04B6 (decimal 1206)
   defining Unicode char U+04B7 (decimal 1207)
   defining Unicode char U+04B8 (decimal 1208)
   defining Unicode char U+04B9 (decimal 1209)
   defining Unicode char U+04BA (decimal 1210)
   defining Unicode char U+04BB (decimal 1211)
   defining Unicode char U+04C0 (decimal 1216)
   defining Unicode char U+04C1 (decimal 1217)
   defining Unicode char U+04C2 (decimal 1218)
   defining Unicode char U+04D0 (decimal 1232)
   defining Unicode char U+04D1 (decimal 1233)
   defining Unicode char U+04D2 (decimal 1234)
   defining Unicode char U+04D3 (decimal 1235)
   defining Unicode char U+04D4 (decimal 1236)
   defining Unicode char U+04D5 (decimal 1237)
   defining Unicode char U+04D6 (decimal 1238)
   defining Unicode char U+04D7 (decimal 1239)
   defining Unicode char U+04D8 (decimal 1240)
   defining Unicode char U+04D9 (decimal 1241)
   defining Unicode char U+04DA (decimal 1242)
   defining Unicode char U+04DB (decimal 1243)
   defining Unicode char U+04DC (decimal 1244)
   defining Unicode char U+04DD (decimal 1245)
   defining Unicode char U+04DE (decimal 1246)
   defining Unicode char U+04DF (decimal 1247)
   defining Unicode char U+04E2 (decimal 1250)
   defining Unicode char U+04E3 (decimal 1251)
   defining Unicode char U+04E4 (decimal 1252)
   defining Unicode char U+04E5 (decimal 1253)
   defining Unicode char U+04E6 (decimal 1254)
   defining Unicode char U+04E7 (decimal 1255)
   defining Unicode char U+04E8 (decimal 1256)
   defining Unicode char U+04E9 (decimal 1257)
   defining Unicode char U+04EC (decimal 1260)
   defining Unicode char U+04ED (decimal 1261)
   defining Unicode char U+04EE (decimal 1262)
   defining Unicode char U+04EF (decimal 1263)
   defining Unicode char U+04F0 (decimal 1264)
   defining Unicode char U+04F1 (decimal 1265)
   defining Unicode char U+04F2 (decimal 1266)
   defining Unicode char U+04F3 (decimal 1267)
   defining Unicode char U+04F4 (decimal 1268)
   defining Unicode char U+04F5 (decimal 1269)
   defining Unicode char U+04F8 (decimal 1272)
   defining Unicode char U+04F9 (decimal 1273)
   defining Unicode char U+200C (decimal 8204)
   defining Unicode char U+2013 (decimal 8211)
   defining Unicode char U+2014 (decimal 8212)
   defining Unicode char U+2018 (decimal 8216)
   defining Unicode char U+2019 (decimal 8217)
   defining Unicode char U+201C (decimal 8220)
   defining Unicode char U+201D (decimal 8221)
   defining Unicode char U+201E (decimal 8222)
   defining Unicode char U+2030 (decimal 8240)
   defining Unicode char U+2031 (decimal 8241)
   defining Unicode char U+2116 (decimal 8470)
   defining Unicode char U+2329 (decimal 9001)
   defining Unicode char U+232A (decimal 9002)
   defining Unicode char U+2423 (decimal 9251)
)
   defining Unicode char U+00A9 (decimal 169)
   defining Unicode char U+00AA (decimal 170)
   defining Unicode char U+00AE (decimal 174)
   defining Unicode char U+00BA (decimal 186)
   defining Unicode char U+02C6 (decimal 710)
   defining Unicode char U+02DC (decimal 732)
   defining Unicode char U+200C (decimal 8204)
   defining Unicode char U+2026 (decimal 8230)
   defining Unicode char U+2122 (decimal 8482)
   defining Unicode char U+2423 (decimal 9251)
)) ("C:\Program Files\MiKTeX 2.9\tex\latex\setspace\setspace.sty"
Package: setspace 2011/12/19 v6.7a set line spacing
) ("C:\Program Files\MiKTeX 2.9\tex\latex\titlesec\titlesec.sty"
Package: titlesec 2016/03/21 v2.10.2 Sectioning titles
\ttl@box=\box26
\beforetitleunit=\skip43
\aftertitleunit=\skip44
\ttl@plus=\dimen104
\ttl@minus=\dimen105
\ttl@toksa=\toks16
\titlewidth=\dimen106
\titlewidthlast=\dimen107
\titlewidthfirst=\dimen108
)
("C:\Program Files\MiKTeX 2.9\tex\generic\babel\babel.sty"
Package: babel 2018/02/14 3.18 The Babel package
 ("C:\Program Files\MiKTeX 2.9\tex\generic\babel\switch.def"
File: switch.def 2018/02/14 3.18 Babel switching mechanism
)
*************************************
* Local config file bblopts.cfg used
*
("C:\Program Files\MiKTeX 2.9\tex\latex\arabi\bblopts.cfg"
File: bblopts.cfg 2005/09/08 v0.1 add Arabic and Farsi to "declared" options of babel
)
("C:\Program Files\MiKTeX 2.9\tex\latex\babel-english\english.ldf"
Language: english 2017/06/06 v3.3r English support from the babel system

("C:\Program Files\MiKTeX 2.9\tex\generic\babel\babel.def"
File: babel.def 2018/02/14 3.18 Babel common definitions
\babel@savecnt=\count87
\U@D=\dimen109
 ("C:\Program Files\MiKTeX 2.9\tex\generic\babel\txtbabel.def")
\bbl@dirlevel=\count88
)
\l@canadian = a dialect from \language\l@american 
\l@australian = a dialect from \language\l@british 
\l@newzealand = a dialect from \language\l@british 
) ("C:\Program Files\MiKTeX 2.9\tex\latex\babel-russian\russianb.ldf"
Language: russian 2017/08/12 1.3j Russian support for the Babel system
Package babel Info: Making " an active character on input line 120.
Package babel Info: Default for \cyrdash is provided on input line 157.
))
("C:\Program Files\MiKTeX 2.9\tex\latex\comment\comment.sty"
\CommentStream=\write3
 Excluding comment 'comment')
("C:\Program Files\MiKTeX 2.9\tex\latex\amsmath\amsmath.sty"
Package: amsmath 2017/09/02 v2.17a AMS math features
\@mathmargin=\skip45

For additional information on amsmath, use the `?' option.
("C:\Program Files\MiKTeX 2.9\tex\latex\amsmath\amstext.sty"
Package: amstext 2000/06/29 v2.01 AMS text
 ("C:\Program Files\MiKTeX 2.9\tex\latex\amsmath\amsgen.sty"
File: amsgen.sty 1999/11/30 v2.0 generic functions
\@emptytoks=\toks17
\ex@=\dimen110
)) ("C:\Program Files\MiKTeX 2.9\tex\latex\amsmath\amsbsy.sty"
Package: amsbsy 1999/11/29 v1.2d Bold Symbols
\pmbraise@=\dimen111
)
("C:\Program Files\MiKTeX 2.9\tex\latex\amsmath\amsopn.sty"
Package: amsopn 2016/03/08 v2.02 operator names
)
\inf@bad=\count89
LaTeX Info: Redefining \frac on input line 213.
\uproot@=\count90
\leftroot@=\count91
LaTeX Info: Redefining \overline on input line 375.
\classnum@=\count92
\DOTSCASE@=\count93
LaTeX Info: Redefining \ldots on input line 472.
LaTeX Info: Redefining \dots on input line 475.
LaTeX Info: Redefining \cdots on input line 596.
\Mathstrutbox@=\box27
\strutbox@=\box28
\big@size=\dimen112
LaTeX Font Info:    Redeclaring font encoding OML on input line 712.
LaTeX Font Info:    Redeclaring font encoding OMS on input line 713.
\macc@depth=\count94
\c@MaxMatrixCols=\count95
\dotsspace@=\muskip10
\c@parentequation=\count96
\dspbrk@lvl=\count97
\tag@help=\toks18
\row@=\count98
\column@=\count99
\maxfields@=\count100
\andhelp@=\toks19
\eqnshift@=\dimen113
\alignsep@=\dimen114
\tagshift@=\dimen115
\tagwidth@=\dimen116
\totwidth@=\dimen117
\lineht@=\dimen118
\@envbody=\toks20
\multlinegap=\skip46
\multlinetaggap=\skip47
\mathdisplay@stack=\toks21
LaTeX Info: Redefining \[ on input line 2817.
LaTeX Info: Redefining \] on input line 2818.
)
("C:\Program Files\MiKTeX 2.9\tex\latex\amsfonts\amsfonts.sty"
Package: amsfonts 2013/01/14 v3.01 Basic AMSFonts support
\symAMSa=\mathgroup4
\symAMSb=\mathgroup5
LaTeX Font Info:    Overwriting math alphabet `\mathfrak' in version `bold'
(Font)                  U/euf/m/n --> U/euf/b/n on input line 106.
)
("C:\Program Files\MiKTeX 2.9\tex\latex\amsfonts\amssymb.sty"
Package: amssymb 2013/01/14 v3.01 AMS font symbols
) ("C:\Program Files\MiKTeX 2.9\tex\latex\t2\mathtext.sty"
Package: mathtext 1999/01/28 v1.0 transparent text-and-math defs
LaTeX Info: Redefining \halign on input line 111.
) ("C:\Program Files\MiKTeX 2.9\tex\latex\cite\cite.sty"
LaTeX Info: Redefining \cite on input line 302.
LaTeX Info: Redefining \nocite on input line 332.
Package: cite 2015/02/27  v 5.5
) ("C:\Program Files\MiKTeX 2.9\tex\latex\tools\enumerate.sty"
Package: enumerate 2015/07/23 v3.00 enumerate extensions (DPC)
\@enLab=\toks22
)
("C:\Program Files\MiKTeX 2.9\tex\latex\float\float.sty"
Package: float 2001/11/08 v1.3d Float enhancements (AL)
\c@float@type=\count101
\float@exts=\toks23
\float@box=\box29
\@float@everytoks=\toks24
\@floatcapt=\box30
) ("C:\Program Files\MiKTeX 2.9\tex\latex\tools\indentfirst.sty"
Package: indentfirst 1995/11/23 v1.03 Indent first paragraph (DPC)
) ("C:\Program Files\MiKTeX 2.9\tex\latex\floatflt\floatflt.sty"
Package: floatflt 1997/07/16 v. 1.31
\c@OptionTest=\count102
\figbox=\box31
\tabbox=\box32
\pagebox=\box33
\ffigcount=\count103
\ftabcount=\count104
\fftest=\count105
\hangcount=\count106
\nosuccesstryfig=\count107
\nosuccesstrytab=\count108
\figgutter=\dimen119
\tabgutter=\dimen120
\htdone=\dimen121
\pageht=\dimen122
\startpageht=\dimen123
\tabbredd=\dimen124
\floatfltwidth=\dimen125
\fltitemwidth=\dimen126
\outputpretest=\toks25
)
("C:\Program Files\MiKTeX 2.9\tex\latex\geometry\geometry.sty"
Package: geometry 2010/09/12 v5.6 Page Geometry

("C:\Program Files\MiKTeX 2.9\tex\latex\graphics\keyval.sty"
Package: keyval 2014/10/28 v1.15 key=value parser (DPC)
\KV@toks@=\toks26
)
("C:\Program Files\MiKTeX 2.9\tex\generic\oberdiek\ifpdf.sty"
Package: ifpdf 2017/03/15 v3.2 Provides the ifpdf switch
)
("C:\Program Files\MiKTeX 2.9\tex\generic\oberdiek\ifvtex.sty"
Package: ifvtex 2016/05/16 v1.6 Detect VTeX and its facilities (HO)
Package ifvtex Info: VTeX not detected.
)
("C:\Program Files\MiKTeX 2.9\tex\generic\ifxetex\ifxetex.sty"
Package: ifxetex 2010/09/12 v0.6 Provides ifxetex conditional
)
\Gm@cnth=\count109
\Gm@cntv=\count110
\c@Gm@tempcnt=\count111
\Gm@bindingoffset=\dimen127
\Gm@wd@mp=\dimen128
\Gm@odd@mp=\dimen129
\Gm@even@mp=\dimen130
\Gm@layoutwidth=\dimen131
\Gm@layoutheight=\dimen132
\Gm@layouthoffset=\dimen133
\Gm@layoutvoffset=\dimen134
\Gm@dimlist=\toks27

("C:\Program Files\MiKTeX 2.9\tex\latex\geometry\geometry.cfg"))
("C:\Program Files\MiKTeX 2.9\tex\latex\tools\multicol.sty"
Package: multicol 2017/04/11 v1.8q multicolumn formatting (FMi)
\c@tracingmulticols=\count112
\mult@box=\box34
\multicol@leftmargin=\dimen135
\c@unbalance=\count113
\c@collectmore=\count114
\doublecol@number=\count115
\multicoltolerance=\count116
\multicolpretolerance=\count117
\full@width=\dimen136
\page@free=\dimen137
\premulticols=\dimen138
\postmulticols=\dimen139
\multicolsep=\skip48
\multicolbaselineskip=\skip49
\partial@page=\box35
\last@line=\box36
\maxbalancingoverflow=\dimen140
\mult@rightbox=\box37
\mult@grightbox=\box38
\mult@gfirstbox=\box39
\mult@firstbox=\box40
\@tempa=\box41
\@tempa=\box42
\@tempa=\box43
\@tempa=\box44
\@tempa=\box45
\@tempa=\box46
\@tempa=\box47
\@tempa=\box48
\@tempa=\box49
\@tempa=\box50
\@tempa=\box51
\@tempa=\box52
\@tempa=\box53
\@tempa=\box54
\@tempa=\box55
\@tempa=\box56
\@tempa=\box57
\c@columnbadness=\count118
\c@finalcolumnbadness=\count119
\last@try=\dimen141
\multicolovershoot=\dimen142
\multicolundershoot=\dimen143
\mult@nat@firstbox=\box58
\colbreak@box=\box59
\mc@col@check@num=\count120
)
("C:\Program Files\MiKTeX 2.9\tex\latex\caption\subcaption.sty"
Package: subcaption 2018/05/01 v1.1-162 Sub-captions (AR)

("C:\Program Files\MiKTeX 2.9\tex\latex\caption\caption.sty"
Package: caption 2018/05/01 v3.3-147 Customizing captions (AR)
 ("C:\Program Files\MiKTeX 2.9\tex\latex\caption\caption3.sty"
Package: caption3 2018/05/27 v1.8a caption3 kernel (AR)
Package caption3 Info: TeX engine: e-TeX on input line 64.
\captionmargin=\dimen144
\captionmargin@=\dimen145
\captionwidth=\dimen146
\caption@tempdima=\dimen147
\caption@indent=\dimen148
\caption@parindent=\dimen149
\caption@hangindent=\dimen150
)
\c@ContinuedFloat=\count121
Package caption Info: float package is loaded.
Package caption Info: floatflt package is loaded.
)
\c@subfigure=\count122
\c@subtable=\count123
) ("C:\Program Files\MiKTeX 2.9\tex\latex\multirow\multirow.sty"
Package: multirow 2016/11/25 v2.2 Span multiple rows of a table
\multirow@colwidth=\skip50
\multirow@cntb=\count124
\multirow@dima=\skip51
\bigstrutjot=\dimen151
)
("C:\Program Files\MiKTeX 2.9\tex\latex\graphics\graphicx.sty"
Package: graphicx 2017/06/01 v1.1a Enhanced LaTeX Graphics (DPC,SPQR)

("C:\Program Files\MiKTeX 2.9\tex\latex\graphics\graphics.sty"
Package: graphics 2017/06/25 v1.2c Standard LaTeX Graphics (DPC,SPQR)
 ("C:\Program Files\MiKTeX 2.9\tex\latex\graphics\trig.sty"
Package: trig 2016/01/03 v1.10 sin cos tan (DPC)
) ("C:\Program Files\MiKTeX 2.9\tex\latex\graphics-cfg\graphics.cfg"
File: graphics.cfg 2016/06/04 v1.11 sample graphics configuration
)
Package graphics Info: Driver file: pdftex.def on input line 99.

("C:\Program Files\MiKTeX 2.9\tex\latex\graphics-def\pdftex.def"
File: pdftex.def 2018/01/08 v1.0l Graphics/color driver for pdftex
))
\Gin@req@height=\dimen152
\Gin@req@width=\dimen153
)
("C:\Program Files\MiKTeX 2.9\tex\latex\tocvsec2\tocvsec2.sty"
Package: tocvsec2 2014/03/10 v1.3a variable ToC section entries
 ("C:\Program Files\MiKTeX 2.9\tex\latex\base\ifthen.sty"
Package: ifthen 2014/09/29 v1.1c Standard LaTeX ifthen package (DPC)
)
\c@max@tocdepth=\count125
\c@max@secnumdepth=\count126
) ("C:\Program Files\MiKTeX 2.9\tex\latex\fancyhdr\fancyhdr.sty"
Package: fancyhdr 2017/06/30 v3.9a Extensive control of page headers and footers
\f@nch@headwidth=\skip52
\f@nch@O@elh=\skip53
\f@nch@O@erh=\skip54
\f@nch@O@olh=\skip55
\f@nch@O@orh=\skip56
\f@nch@O@elf=\skip57
\f@nch@O@erf=\skip58
\f@nch@O@olf=\skip59
\f@nch@O@orf=\skip60
)
("C:\Program Files\MiKTeX 2.9\tex\latex\fancybox\fancybox.sty"
Package: fancybox 2010/05/15 1.4

Style option: `fancybox' v1.4 <2010/05/15> (tvz)
\@fancybox=\box60
\shadowsize=\dimen154
\@Sbox=\box61
\do@VerbBox=\toks28
\the@fancyput=\toks29
\this@fancyput=\toks30
\EndVerbatimTokens=\toks31
\Verbatim@Outfile=\write4
\Verbatim@Infile=\read1
) (SRW.aux)
\openout1 = `SRW.aux'.

LaTeX Font Info:    Checking defaults for OML/cmm/m/it on input line 45.
LaTeX Font Info:    ... okay on input line 45.
LaTeX Font Info:    Checking defaults for T1/cmr/m/n on input line 45.
LaTeX Font Info:    ... okay on input line 45.
LaTeX Font Info:    Checking defaults for OT1/cmr/m/n on input line 45.
LaTeX Font Info:    ... okay on input line 45.
LaTeX Font Info:    Checking defaults for OMS/cmsy/m/n on input line 45.
LaTeX Font Info:    ... okay on input line 45.
LaTeX Font Info:    Checking defaults for OMX/cmex/m/n on input line 45.
LaTeX Font Info:    ... okay on input line 45.
LaTeX Font Info:    Checking defaults for U/cmr/m/n on input line 45.
LaTeX Font Info:    ... okay on input line 45.
LaTeX Font Info:    Checking defaults for T2A/cmr/m/n on input line 45.
LaTeX Font Info:    ... okay on input line 45.

*geometry* driver: auto-detecting
*geometry* detected driver: pdftex
*geometry* verbose mode - [ preamble ] result:
* driver: pdftex
* paper: a4paper
* layout: <same size as paper>
* layoutoffset:(h,v)=(0.0pt,0.0pt)
* modes: 
* h-part:(L,W,R)=(85.35826pt, 483.69687pt, 28.45274pt)
* v-part:(T,H,B)=(56.9055pt, 731.23584pt, 56.9055pt)
* \paperwidth=597.50787pt
* \paperheight=845.04684pt
* \textwidth=483.69687pt
* \textheight=731.23584pt
* \oddsidemargin=13.08827pt
* \evensidemargin=13.08827pt
* \topmargin=-54.36449pt
* \headheight=14.0pt
* \headsep=25.0pt
* \topskip=14.0pt
* \footskip=30.0pt
* \marginparwidth=15.0pt
* \marginparsep=10.0pt
* \columnsep=10.0pt
* \skip\footins=12.0pt plus 4.0pt minus 2.0pt
* \hoffset=0.0pt
* \voffset=0.0pt
* \mag=1000
* \@twocolumnfalse
* \@twosidefalse
* \@mparswitchfalse
* \@reversemarginfalse
* (1in=72.27pt=25.4mm, 1cm=28.453pt)

Package caption Info: Begin \AtBeginDocument code.
Package caption Info: End \AtBeginDocument code.
("C:\Program Files\MiKTeX 2.9\tex\context\base\supp-pdf.mkii"
[Loading MPS to PDF converter (version 2006.09.02).]
\scratchcounter=\count127
\scratchdimen=\dimen155
\scratchbox=\box62
\nofMPsegments=\count128
\nofMParguments=\count129
\everyMPshowfont=\toks32
\MPscratchCnt=\count130
\MPscratchDim=\dimen156
\MPnumerator=\count131
\makeMPintoPDFobject=\count132
\everyMPtoPDFconversion=\toks33
) ("C:\Program Files\MiKTeX 2.9\tex\latex\oberdiek\epstopdf-base.sty"
Package: epstopdf-base 2016/05/15 v2.6 Base part for package epstopdf

("C:\Program Files\MiKTeX 2.9\tex\generic\oberdiek\infwarerr.sty"
Package: infwarerr 2016/05/16 v1.4 Providing info/warning/error messages (HO)
)
("C:\Program Files\MiKTeX 2.9\tex\latex\oberdiek\grfext.sty"
Package: grfext 2016/05/16 v1.2 Manage graphics extensions (HO)

("C:\Program Files\MiKTeX 2.9\tex\generic\oberdiek\kvdefinekeys.sty"
Package: kvdefinekeys 2016/05/16 v1.4 Define keys (HO)

("C:\Program Files\MiKTeX 2.9\tex\generic\oberdiek\ltxcmds.sty"
Package: ltxcmds 2016/05/16 v1.23 LaTeX kernel commands for general use (HO)
)))
("C:\Program Files\MiKTeX 2.9\tex\latex\oberdiek\kvoptions.sty"
Package: kvoptions 2016/05/16 v3.12 Key value format for package options (HO)

("C:\Program Files\MiKTeX 2.9\tex\generic\oberdiek\kvsetkeys.sty"
Package: kvsetkeys 2016/05/16 v1.17 Key value parser (HO)

("C:\Program Files\MiKTeX 2.9\tex\generic\oberdiek\etexcmds.sty"
Package: etexcmds 2016/05/16 v1.6 Avoid name clashes with e-TeX commands (HO)

("C:\Program Files\MiKTeX 2.9\tex\generic\oberdiek\ifluatex.sty"
Package: ifluatex 2016/05/16 v1.4 Provides the ifluatex switch (HO)
Package ifluatex Info: LuaTeX not detected.
)
Package etexcmds Info: Could not find \expanded.
(etexcmds)             That can mean that you are not using pdfTeX 1.50 or
(etexcmds)             that some package has redefined \expanded.
(etexcmds)             In the latter case, load this package earlier.
)))
("C:\Program Files\MiKTeX 2.9\tex\generic\oberdiek\pdftexcmds.sty"
Package: pdftexcmds 2018/01/21 v0.26 Utility functions of pdfTeX for LuaTeX (HO)
Package pdftexcmds Info: LuaTeX not detected.
Package pdftexcmds Info: \pdf@primitive is available.
Package pdftexcmds Info: \pdf@ifprimitive is available.
Package pdftexcmds Info: \pdfdraftmode found.
)
Package epstopdf-base Info: Redefining graphics rule for `.eps' on input line 438.
Package grfext Info: Graphics extension search list:
(grfext)             [.pdf,.png,.jpg,.mps,.jpeg,.jbig2,.jb2,.PDF,.PNG,.JPG,.JPEG,.JBIG2,.JB2,.eps]
(grfext)             \AppendGraphicsExtensions on input line 456.
)
Underfull \hbox (badness 10000) in paragraph at lines 67--70

 []

<<ot1.cmap>><<oml.cmap>><<oms.cmap>><<omx.cmap>>
LaTeX Font Info:    Try loading font information for U+msa on input line 80.
 ("C:\Program Files\MiKTeX 2.9\tex\latex\amsfonts\umsa.fd"
File: umsa.fd 2013/01/14 v3.01 AMS symbols A
)
LaTeX Font Info:    Try loading font information for U+msb on input line 80.

("C:\Program Files\MiKTeX 2.9\tex\latex\amsfonts\umsb.fd"
File: umsb.fd 2013/01/14 v3.01 AMS symbols B
) Excluding 'comment' comment. [1

{C:/Users/Comp/AppData/Local/MiKTeX/2.9/pdftex/config/pdftex.map}]
Overfull \hbox (2.01239pt too wide) in paragraph at lines 107--108
[]\T2A/cmr/m/n/14.4 НАГРУЖЕНИЕ ТРУ-БЫ, СТАН-ДАРТ-НЫЙ МЕ-ТОД КО-НЕЧ-НЫХ ЭЛЕ-
 []

[2]
No file SRW.toc.
\tf@toc=\write5
\openout5 = `SRW.toc'.

[3] [4] [5] [6]

LaTeX Warning: File `PostZ.png' not found on input line 189.


! Package pdftex.def Error: File `PostZ.png' not found: using draft setting.

See the pdftex.def package documentation for explanation.
Type  H <return>  for immediate help.
 ...                                              
                                                  
l.189 \includegraphics[width=45mm]{PostZ.png}
                                             
Try typing  <return>  to proceed.
If that doesn't work, type  X <return>  to quit.

LaTeX Font Info:    Try loading font information for T2A+cmtt on input line 189.
("C:\Program Files\MiKTeX 2.9\tex\latex\cyrillic\t2acmtt.fd"
File: t2acmtt.fd 2001/08/11 v1.0a Computer Modern Cyrillic font definitions
)

LaTeX Warning: Reference `CSK' on page 7 undefined on input line 195.


LaTeX Warning: Reference `EquationEquilGeneralR' on page 7 undefined on input line 200.

[7]

LaTeX Warning: File `image017.jpg' not found on input line 215.


! Package pdftex.def Error: File `image017.jpg' not found: using draft setting.

See the pdftex.def package documentation for explanation.
Type  H <return>  for immediate help.
 ...                                              
                                                  
l.215 \includegraphics[scale=1.5]{image017.jpg}
                                               
Try typing  <return>  to proceed.
If that doesn't work, type  X <return>  to quit.

[8]

LaTeX Warning: Reference `EquationEquilGeneralR' on page 9 undefined on input line 232.

[9] [10]
Overfull \hbox (0.47107pt too wide) in paragraph at lines 298--300
\T2A/cmr/m/n/14.4 где $[]$-некий ко-эф-фи-ци-ент про-пор-ци-о-наль-но-сти, на-зы-ва-е-мый па-ра-мет-ром пол-
 []


LaTeX Warning: Reference `EqStrain' on page 11 undefined on input line 304.

[11]

LaTeX Warning: Reference `EqStrain' on page 12 undefined on input line 320.

[12]

LaTeX Warning: Reference `ElEt' on page 13 undefined on input line 350.


LaTeX Warning: Reference `ElEr' on page 13 undefined on input line 350.


LaTeX Warning: Reference `GenGukDef' on page 13 undefined on input line 355.


LaTeX Warning: Reference `ExprDef' on page 13 undefined on input line 355.


LaTeX Warning: Reference `EquationEquilGeneralR' on page 13 undefined on input line 355.


LaTeX Warning: Reference `EquationEquilGeneralR' on page 13 undefined on input line 360.


LaTeX Warning: Reference `EquationEquilGeneralRAlt' on page 13 undefined on input line 360.

[13]

LaTeX Warning: Reference `ElEt' on page 14 undefined on input line 379.


LaTeX Warning: Reference `GenGukDef' on page 14 undefined on input line 379.


LaTeX Warning: Reference `SigmaRTAB' on page 14 undefined on input line 379.


LaTeX Warning: Reference `SigmaRTAB' on page 14 undefined on input line 384.


LaTeX Warning: Reference `SigmaRTAB' on page 14 undefined on input line 393.


LaTeX Warning: Reference `uAB' on page 14 undefined on input line 393.

[14]

LaTeX Warning: Reference `RadOkrPolz' on page 15 undefined on input line 420.


LaTeX Warning: Reference `Neszhi' on page 15 undefined on input line 420.


LaTeX Warning: Reference `EquationUC' on page 15 undefined on input line 432.


LaTeX Warning: Reference `RadOkrPolz' on page 15 undefined on input line 432.

[15]

LaTeX Warning: Reference `IntenDef' on page 16 undefined on input line 442.


LaTeX Warning: Reference `EquationsEPSCRT' on page 16 undefined on input line 442.


LaTeX Warning: Reference `EpsIntCSigmaB' on page 16 undefined on input line 460.


LaTeX Warning: Reference `ModEqSys' on page 16 undefined on input line 460.


LaTeX Warning: Reference `EquationsEPSCRT' on page 16 undefined on input line 460.


LaTeX Warning: Reference `EpsIntC' on page 16 undefined on input line 460.


LaTeX Warning: Reference `SystemSigma' on page 16 undefined on input line 469.

[16]

LaTeX Warning: Reference `DSigmaRR' on page 17 undefined on input line 474.


LaTeX Warning: Reference `EqPR' on page 17 undefined on input line 490.


LaTeX Warning: Reference `EqSigmaR' on page 17 undefined on input line 490.


Overfull \hbox (2.73502pt too wide) in paragraph at lines 501--502
[]\T2A/cmr/m/n/14.4 Вычисление ана-ли-ти-че-ско-го окруж-но-го на-пря-же-ния про-из-во-дит-ся по фор-
 []

[17] [18]
Overfull \hbox (6.83118pt too wide) detected at line 558
\OML/cmm/m/it/14.4 '[]\OT1/cmr/m/n/14.4 (\OML/cmm/m/it/14.4 x\OT1/cmr/m/n/14.4 ) = []  [] = []
 []

[19]

LaTeX Warning: File `2func.jpg' not found on input line 592.


! Package pdftex.def Error: File `2func.jpg' not found: using draft setting.

See the pdftex.def package documentation for explanation.
Type  H <return>  for immediate help.
 ...                                              
                                                  
l.592 \includegraphics[scale=0.3]{2func.jpg}
                                            
Try typing  <return>  to proceed.
If that doesn't work, type  X <return>  to quit.

[20]

LaTeX Warning: Reference `EquationEquilGeneral' on page 21 undefined on input line 603.


LaTeX Warning: Reference `CondNev' on page 21 undefined on input line 614.


LaTeX Warning: Reference `GukElastic' on page 21 undefined on input line 620.

[21]

LaTeX Warning: Reference `FinalEquationStandart' on page 22 undefined on input line 634.


LaTeX Warning: Reference `FinalEquationStandart' on page 22 undefined on input line 650.

[22]

LaTeX Warning: Reference `SLAUStandart' on page 23 undefined on input line 682.

[23]

LaTeX Warning: Reference `EquationEquilGeneral' on page 24 undefined on input line 707.

[24]

LaTeX Warning: Reference `Int1' on page 25 undefined on input line 782.


LaTeX Warning: Reference `Int2' on page 25 undefined on input line 782.

[25]

LaTeX Warning: Reference `SigmD' on page 26 undefined on input line 811.


LaTeX Warning: Reference `UrRavnF' on page 26 undefined on input line 811.


LaTeX Warning: Reference `Weak' on page 26 undefined on input line 816.


LaTeX Warning: Reference `NUrRavn' on page 26 undefined on input line 825.

[26]

LaTeX Warning: Reference `SLAUStandart' on page 27 undefined on input line 857.


LaTeX Warning: Reference `SLAUMixed' on page 27 undefined on input line 882.

[27]

LaTeX Warning: Reference `SLAUStandartCSEx' on page 28 undefined on input line 914.


LaTeX Warning: Reference `SLAUMixedCSEx' on page 28 undefined on input line 914.


LaTeX Warning: Reference `SLAUStandartCSEx' on page 28 undefined on input line 924.


LaTeX Warning: Reference `SLAUMixedCSEx' on page 28 undefined on input line 924.


LaTeX Warning: Reference `GukCS' on page 28 undefined on input line 924.


LaTeX Warning: Reference `SLAUStandartCSEx' on page 28 undefined on input line 936.


LaTeX Warning: Reference `SLAUMixedCSEx' on page 28 undefined on input line 936.

[28]

LaTeX Warning: Reference `SkDefPolz' on page 29 undefined on input line 942.


LaTeX Warning: Reference `SLAUStandartCSEx' on page 29 undefined on input line 959.


LaTeX Warning: Reference `SLAUMixedCSEx' on page 29 undefined on input line 959.


LaTeX Warning: Reference `GukCS' on page 29 undefined on input line 959.


LaTeX Warning: Reference `SkDefPolz' on page 29 undefined on input line 966.


LaTeX Warning: Reference `UslShod' on page 29 undefined on input line 966.

[29]

LaTeX Warning: Reference `BlockSch' on page 30 undefined on input line 972.


LaTeX Warning: File `Main_Alg.png' not found on input line 976.


! Package pdftex.def Error: File `Main_Alg.png' not found: using draft setting.

See the pdftex.def package documentation for explanation.
Type  H <return>  for immediate help.
 ...                                              
                                                  
l.976 ...width=175 mm,height=160 mm]{Main_Alg.png}
                                                  
Try typing  <return>  to proceed.
If that doesn't work, type  X <return>  to quit.


Overfull \hbox (14.36351pt too wide) in paragraph at lines 976--977
 [] 
 []

[30] [31]

LaTeX Warning: Reference `ElasticUResult' on page 32 undefined on input line 1000.


LaTeX Warning: Reference `ElasticSigmaRResult' on page 32 undefined on input line 1005.


LaTeX Warning: Reference `ElasticSigmaTResult' on page 32 undefined on input line 1010.


Overfull \hbox (2.73502pt too wide) in paragraph at lines 1010--1011
[]\T2A/cmr/m/n/14.4 Вычисление ана-ли-ти-че-ско-го окруж-но-го на-пря-же-ния про-из-во-дит-ся по фор-
 []

LaTeX Font Info:    Try loading font information for OMS+cmr on input line 1019.
("C:\Program Files\MiKTeX 2.9\tex\latex\base\omscmr.fd"
File: omscmr.fd 2014/09/29 v2.5h Standard LaTeX font definitions
)
LaTeX Font Info:    Font shape `OMS/cmr/m/n' in size <14.4> not available
(Font)              Font shape `OMS/cmsy/m/n' tried instead on input line 1019.
 [32] [33]

LaTeX Warning: Reference `tabl:1' on page 34 undefined on input line 1054.


LaTeX Warning: Reference `tabl:2' on page 34 undefined on input line 1054.


LaTeX Warning: Reference `tabl:1ot' on page 34 undefined on input line 1054.


LaTeX Warning: Reference `tabl:2ot' on page 34 undefined on input line 1054.


Underfull \hbox (badness 10000) in paragraph at lines 1063--1063
\T2A/cmr/m/n/14.4 конечных
 []


Underfull \hbox (badness 10000) in paragraph at lines 1063--1063
[]\T2A/cmr/m/n/14.4 относительная
 []


Underfull \hbox (badness 10000) in paragraph at lines 1063--1063
\T2A/cmr/m/n/14.4 по-греш-ность
 []


Underfull \hbox (badness 10000) in paragraph at lines 1063--1063
\T2A/cmr/m/n/14.4 пе-ре-ме-ще-ний,
 []


Underfull \hbox (badness 10000) in paragraph at lines 1063--1063
[]\T2A/cmr/m/n/14.4 относительная
 []


Underfull \hbox (badness 10000) in paragraph at lines 1063--1063
\T2A/cmr/m/n/14.4 по-греш-ность
 []


Underfull \hbox (badness 10000) in paragraph at lines 1063--1063
\T2A/cmr/m/n/14.4 ра-ди-аль-ных
 []


Underfull \hbox (badness 10000) in paragraph at lines 1063--1063
\T2A/cmr/m/n/14.4 на-пря-же-ний,
 []


Underfull \hbox (badness 10000) in paragraph at lines 1063--1063
[]\T2A/cmr/m/n/14.4 относительная
 []


Underfull \hbox (badness 10000) in paragraph at lines 1063--1063
\T2A/cmr/m/n/14.4 по-греш-ность
 []


Underfull \hbox (badness 10000) in paragraph at lines 1063--1063
\T2A/cmr/m/n/14.4 окруж-ных
 []


Underfull \hbox (badness 10000) in paragraph at lines 1063--1063
\T2A/cmr/m/n/14.4 на-пря-же-ний,
 []


Overfull \hbox (2.67484pt too wide) in paragraph at lines 1064--1065
[][]| 
 []


Underfull \hbox (badness 10000) in paragraph at lines 1084--1084
\T2A/cmr/m/n/14.4 конечных
 []


Underfull \hbox (badness 10000) in paragraph at lines 1084--1084
[]\T2A/cmr/m/n/14.4 отношение
 []


Underfull \hbox (badness 10000) in paragraph at lines 1084--1084
[]
 []


Underfull \hbox (badness 10000) in paragraph at lines 1084--1084
[]\T2A/cmr/m/n/14.4 отнош.
 []


Underfull \hbox (badness 10000) in paragraph at lines 1084--1084
\T2A/cmr/m/n/14.4 по-греш-
 []


Underfull \hbox (badness 10000) in paragraph at lines 1084--1084
\T2A/cmr/m/n/14.4 но-стей
 []


Underfull \hbox (badness 10000) in paragraph at lines 1084--1084
[]\T2A/cmr/m/n/14.4 отнош.
 []


Underfull \hbox (badness 10000) in paragraph at lines 1084--1084
\T2A/cmr/m/n/14.4 по-греш-
 []


Underfull \hbox (badness 10000) in paragraph at lines 1084--1084
\T2A/cmr/m/n/14.4 но-стей
 []


Underfull \hbox (badness 10000) in paragraph at lines 1084--1085
[]\T2A/cmr/m/n/14.4 отнош.
 []


Underfull \hbox (badness 10000) in paragraph at lines 1084--1085
\T2A/cmr/m/n/14.4 по-греш-
 []


Underfull \hbox (badness 10000) in paragraph at lines 1084--1085
\T2A/cmr/m/n/14.4 но-стей
 []


Overfull \hbox (2.67484pt too wide) in paragraph at lines 1086--1087
[][]| 
 []

[34]
Underfull \hbox (badness 10000) in paragraph at lines 1106--1106
\T2A/cmr/m/n/14.4 конечных
 []


Underfull \hbox (badness 10000) in paragraph at lines 1106--1106
[]\T2A/cmr/m/n/14.4 относительная
 []


Underfull \hbox (badness 10000) in paragraph at lines 1106--1106
\T2A/cmr/m/n/14.4 по-греш-ность
 []


Underfull \hbox (badness 10000) in paragraph at lines 1106--1106
\T2A/cmr/m/n/14.4 пе-ре-ме-ще-ний,
 []


Underfull \hbox (badness 10000) in paragraph at lines 1106--1106
[]\T2A/cmr/m/n/14.4 относительная
 []


Underfull \hbox (badness 10000) in paragraph at lines 1106--1106
\T2A/cmr/m/n/14.4 по-греш-ность
 []


Underfull \hbox (badness 10000) in paragraph at lines 1106--1106
\T2A/cmr/m/n/14.4 ра-ди-аль-ных
 []


Underfull \hbox (badness 10000) in paragraph at lines 1106--1106
\T2A/cmr/m/n/14.4 на-пря-же-ний,
 []


Underfull \hbox (badness 10000) in paragraph at lines 1106--1107
[]\T2A/cmr/m/n/14.4 относительная
 []


Underfull \hbox (badness 10000) in paragraph at lines 1106--1107
\T2A/cmr/m/n/14.4 по-греш-ность
 []


Underfull \hbox (badness 10000) in paragraph at lines 1106--1107
\T2A/cmr/m/n/14.4 окруж-ных
 []


Underfull \hbox (badness 10000) in paragraph at lines 1106--1107
\T2A/cmr/m/n/14.4 на-пря-же-ний,
 []


Overfull \hbox (2.67484pt too wide) in paragraph at lines 1108--1109
[][]| 
 []


Underfull \hbox (badness 10000) in paragraph at lines 1128--1128
\T2A/cmr/m/n/14.4 конечных
 []


Underfull \hbox (badness 10000) in paragraph at lines 1128--1128
[]\T2A/cmr/m/n/14.4 отношение
 []


Underfull \hbox (badness 10000) in paragraph at lines 1128--1128
[]
 []


Underfull \hbox (badness 10000) in paragraph at lines 1128--1128
[]\T2A/cmr/m/n/14.4 отнош.
 []


Underfull \hbox (badness 10000) in paragraph at lines 1128--1128
\T2A/cmr/m/n/14.4 по-греш-
 []


Underfull \hbox (badness 10000) in paragraph at lines 1128--1128
\T2A/cmr/m/n/14.4 но-стей
 []


Underfull \hbox (badness 10000) in paragraph at lines 1128--1128
[]\T2A/cmr/m/n/14.4 отнош.
 []


Underfull \hbox (badness 10000) in paragraph at lines 1128--1128
\T2A/cmr/m/n/14.4 по-греш-
 []


Underfull \hbox (badness 10000) in paragraph at lines 1128--1128
\T2A/cmr/m/n/14.4 но-стей
 []


Underfull \hbox (badness 10000) in paragraph at lines 1128--1129
[]\T2A/cmr/m/n/14.4 отнош.
 []


Underfull \hbox (badness 10000) in paragraph at lines 1128--1129
\T2A/cmr/m/n/14.4 по-греш-
 []


Underfull \hbox (badness 10000) in paragraph at lines 1128--1129
\T2A/cmr/m/n/14.4 но-стей
 []


Overfull \hbox (2.67484pt too wide) in paragraph at lines 1130--1131
[][]| 
 []

[35]

LaTeX Warning: Reference `1r' on page 36 undefined on input line 1189.


LaTeX Warning: Reference `1t' on page 36 undefined on input line 1189.

[36]

LaTeX Warning: File `ELR1_2.png' not found on input line 1194.


! Package pdftex.def Error: File `ELR1_2.png' not found: using draft setting.

See the pdftex.def package documentation for explanation.
Type  H <return>  for immediate help.
 ...                                              
                                                  
l.1194 \includegraphics[width=120mm]{ELR1_2.png}
                                                
Try typing  <return>  to proceed.
If that doesn't work, type  X <return>  to quit.


LaTeX Warning: File `ELT1_2.png' not found on input line 1202.


! Package pdftex.def Error: File `ELT1_2.png' not found: using draft setting.

See the pdftex.def package documentation for explanation.
Type  H <return>  for immediate help.
 ...                                              
                                                  
l.1202 \includegraphics[width=120mm]{ELT1_2.png}
                                                
Try typing  <return>  to proceed.
If that doesn't work, type  X <return>  to quit.


LaTeX Warning: `h' float specifier changed to `ht'.

[37]

LaTeX Warning: Reference `tabl:3' on page 38 undefined on input line 1212.


LaTeX Warning: Reference `tabl:4' on page 38 undefined on input line 1212.


LaTeX Warning: Reference `tabl:3ot' on page 38 undefined on input line 1212.


LaTeX Warning: Reference `tabl:4ot' on page 38 undefined on input line 1212.


Underfull \hbox (badness 10000) in paragraph at lines 1221--1221
\T2A/cmr/m/n/14.4 конечных
 []


Underfull \hbox (badness 10000) in paragraph at lines 1221--1221
[]\T2A/cmr/m/n/14.4 относительная
 []


Underfull \hbox (badness 10000) in paragraph at lines 1221--1221
\T2A/cmr/m/n/14.4 по-греш-ность
 []


Underfull \hbox (badness 10000) in paragraph at lines 1221--1221
\T2A/cmr/m/n/14.4 пе-ре-ме-ще-ний,
 []


Underfull \hbox (badness 10000) in paragraph at lines 1221--1221
[]\T2A/cmr/m/n/14.4 относительная
 []


Underfull \hbox (badness 10000) in paragraph at lines 1221--1221
\T2A/cmr/m/n/14.4 по-греш-ность
 []


Underfull \hbox (badness 10000) in paragraph at lines 1221--1221
\T2A/cmr/m/n/14.4 ра-ди-аль-ных
 []


Underfull \hbox (badness 10000) in paragraph at lines 1221--1221
\T2A/cmr/m/n/14.4 на-пря-же-ний,
 []


Underfull \hbox (badness 10000) in paragraph at lines 1221--1221
[]\T2A/cmr/m/n/14.4 относительная
 []


Underfull \hbox (badness 10000) in paragraph at lines 1221--1221
\T2A/cmr/m/n/14.4 по-греш-ность
 []


Underfull \hbox (badness 10000) in paragraph at lines 1221--1221
\T2A/cmr/m/n/14.4 окруж-ных
 []


Underfull \hbox (badness 10000) in paragraph at lines 1221--1221
\T2A/cmr/m/n/14.4 на-пря-же-ний,
 []


Overfull \hbox (2.67484pt too wide) in paragraph at lines 1222--1223
[][]| 
 []


LaTeX Warning: `h' float specifier changed to `ht'.


Underfull \hbox (badness 10000) in paragraph at lines 1241--1241
\T2A/cmr/m/n/14.4 конечных
 []


Underfull \hbox (badness 10000) in paragraph at lines 1241--1241
[]\T2A/cmr/m/n/14.4 отношение
 []


Underfull \hbox (badness 10000) in paragraph at lines 1241--1241
[]
 []


Underfull \hbox (badness 10000) in paragraph at lines 1241--1241
[]\T2A/cmr/m/n/14.4 отнош.
 []


Underfull \hbox (badness 10000) in paragraph at lines 1241--1241
\T2A/cmr/m/n/14.4 по-греш-
 []


Underfull \hbox (badness 10000) in paragraph at lines 1241--1241
\T2A/cmr/m/n/14.4 но-стей
 []


Underfull \hbox (badness 10000) in paragraph at lines 1241--1241
[]\T2A/cmr/m/n/14.4 отнош.
 []


Underfull \hbox (badness 10000) in paragraph at lines 1241--1241
\T2A/cmr/m/n/14.4 по-греш-
 []


Underfull \hbox (badness 10000) in paragraph at lines 1241--1241
\T2A/cmr/m/n/14.4 но-стей
 []


Underfull \hbox (badness 10000) in paragraph at lines 1241--1242
[]\T2A/cmr/m/n/14.4 отнош.
 []


Underfull \hbox (badness 10000) in paragraph at lines 1241--1242
\T2A/cmr/m/n/14.4 по-греш-
 []


Underfull \hbox (badness 10000) in paragraph at lines 1241--1242
\T2A/cmr/m/n/14.4 но-стей
 []


Overfull \hbox (2.67484pt too wide) in paragraph at lines 1243--1244
[][]| 
 []


Overfull \hbox (2.67484pt too wide) in paragraph at lines 1247--1248
[][]| 
 []


LaTeX Warning: `h' float specifier changed to `ht'.

[38]
Underfull \hbox (badness 10000) in paragraph at lines 1262--1262
\T2A/cmr/m/n/14.4 конечных
 []


Underfull \hbox (badness 10000) in paragraph at lines 1262--1262
[]\T2A/cmr/m/n/14.4 относительная
 []


Underfull \hbox (badness 10000) in paragraph at lines 1262--1262
\T2A/cmr/m/n/14.4 по-греш-ность
 []


Underfull \hbox (badness 10000) in paragraph at lines 1262--1262
\T2A/cmr/m/n/14.4 пе-ре-ме-ще-ний,
 []


Underfull \hbox (badness 10000) in paragraph at lines 1262--1262
[]\T2A/cmr/m/n/14.4 относительная
 []


Underfull \hbox (badness 10000) in paragraph at lines 1262--1262
\T2A/cmr/m/n/14.4 по-греш-ность
 []


Underfull \hbox (badness 10000) in paragraph at lines 1262--1262
\T2A/cmr/m/n/14.4 ра-ди-аль-ных
 []


Underfull \hbox (badness 10000) in paragraph at lines 1262--1262
\T2A/cmr/m/n/14.4 на-пря-же-ний,
 []


Underfull \hbox (badness 10000) in paragraph at lines 1262--1263
[]\T2A/cmr/m/n/14.4 относительная
 []


Underfull \hbox (badness 10000) in paragraph at lines 1262--1263
\T2A/cmr/m/n/14.4 по-греш-ность
 []


Underfull \hbox (badness 10000) in paragraph at lines 1262--1263
\T2A/cmr/m/n/14.4 окруж-ных
 []


Underfull \hbox (badness 10000) in paragraph at lines 1262--1263
\T2A/cmr/m/n/14.4 на-пря-же-ний,
 []


Overfull \hbox (2.67484pt too wide) in paragraph at lines 1264--1265
[][]| 
 []


LaTeX Warning: `h' float specifier changed to `ht'.


Underfull \hbox (badness 10000) in paragraph at lines 1284--1284
\T2A/cmr/m/n/14.4 конечных
 []


Underfull \hbox (badness 10000) in paragraph at lines 1284--1284
[]\T2A/cmr/m/n/14.4 отношение
 []


Underfull \hbox (badness 10000) in paragraph at lines 1284--1284
[]
 []


Underfull \hbox (badness 10000) in paragraph at lines 1284--1284
[]\T2A/cmr/m/n/14.4 отнош. по-
 []


Underfull \hbox (badness 10000) in paragraph at lines 1284--1284
\T2A/cmr/m/n/14.4 греш-но-стей
 []


Underfull \hbox (badness 10000) in paragraph at lines 1284--1284
[]\T2A/cmr/m/n/14.4 отнош.
 []


Underfull \hbox (badness 10000) in paragraph at lines 1284--1284
\T2A/cmr/m/n/14.4 по-греш-
 []


Underfull \hbox (badness 10000) in paragraph at lines 1284--1284
\T2A/cmr/m/n/14.4 но-стей
 []


Underfull \hbox (badness 10000) in paragraph at lines 1284--1285
[]\T2A/cmr/m/n/14.4 отнош.
 []


Underfull \hbox (badness 10000) in paragraph at lines 1284--1285
\T2A/cmr/m/n/14.4 по-греш-
 []


Underfull \hbox (badness 10000) in paragraph at lines 1284--1285
\T2A/cmr/m/n/14.4 но-стей
 []


Overfull \hbox (2.67484pt too wide) in paragraph at lines 1286--1287
[][]| 
 []


LaTeX Warning: `h' float specifier changed to `ht'.

[39]

LaTeX Warning: Reference `2r' on page 40 undefined on input line 1326.


LaTeX Warning: Reference `2t' on page 40 undefined on input line 1326.

[40]

LaTeX Warning: File `ELR2_2.png' not found on input line 1331.


! Package pdftex.def Error: File `ELR2_2.png' not found: using draft setting.

See the pdftex.def package documentation for explanation.
Type  H <return>  for immediate help.
 ...                                              
                                                  
l.1331 \includegraphics[width=120mm]{ELR2_2.png}
                                                
Try typing  <return>  to proceed.
If that doesn't work, type  X <return>  to quit.


LaTeX Warning: File `ELT2_2.png' not found on input line 1339.


! Package pdftex.def Error: File `ELT2_2.png' not found: using draft setting.

See the pdftex.def package documentation for explanation.
Type  H <return>  for immediate help.
 ...                                              
                                                  
l.1339 \includegraphics[width=120mm]{ELT2_2.png}
                                                
Try typing  <return>  to proceed.
If that doesn't work, type  X <return>  to quit.


LaTeX Warning: `h' float specifier changed to `ht'.

[41]

LaTeX Warning: Reference `tabl:5' on page 42 undefined on input line 1349.


LaTeX Warning: Reference `tabl:6' on page 42 undefined on input line 1349.


LaTeX Warning: Reference `tabl:5ot' on page 42 undefined on input line 1349.


LaTeX Warning: Reference `tabl:6ot' on page 42 undefined on input line 1349.


Underfull \hbox (badness 10000) in paragraph at lines 1358--1358
\T2A/cmr/m/n/14.4 конечных
 []


Underfull \hbox (badness 10000) in paragraph at lines 1358--1358
[]\T2A/cmr/m/n/14.4 относительная
 []


Underfull \hbox (badness 10000) in paragraph at lines 1358--1358
\T2A/cmr/m/n/14.4 по-греш-ность
 []


Underfull \hbox (badness 10000) in paragraph at lines 1358--1358
\T2A/cmr/m/n/14.4 пе-ре-ме-ще-ний,
 []


Underfull \hbox (badness 10000) in paragraph at lines 1358--1358
[]\T2A/cmr/m/n/14.4 относительная
 []


Underfull \hbox (badness 10000) in paragraph at lines 1358--1358
\T2A/cmr/m/n/14.4 по-греш-ность
 []


Underfull \hbox (badness 10000) in paragraph at lines 1358--1358
\T2A/cmr/m/n/14.4 ра-ди-аль-ных
 []


Underfull \hbox (badness 10000) in paragraph at lines 1358--1358
\T2A/cmr/m/n/14.4 на-пря-же-ний,
 []


Underfull \hbox (badness 10000) in paragraph at lines 1358--1359
[]\T2A/cmr/m/n/14.4 относительная
 []


Underfull \hbox (badness 10000) in paragraph at lines 1358--1359
\T2A/cmr/m/n/14.4 по-греш-ность
 []


Underfull \hbox (badness 10000) in paragraph at lines 1358--1359
\T2A/cmr/m/n/14.4 окруж-ных
 []


Underfull \hbox (badness 10000) in paragraph at lines 1358--1359
\T2A/cmr/m/n/14.4 на-пря-же-ний,
 []


Overfull \hbox (2.67484pt too wide) in paragraph at lines 1360--1361
[][]| 
 []


LaTeX Warning: `h' float specifier changed to `ht'.


Underfull \hbox (badness 10000) in paragraph at lines 1380--1380
\T2A/cmr/m/n/14.4 конечных
 []


Underfull \hbox (badness 10000) in paragraph at lines 1380--1380
[]\T2A/cmr/m/n/14.4 отношение
 []


Underfull \hbox (badness 10000) in paragraph at lines 1380--1380
[]
 []


Underfull \hbox (badness 10000) in paragraph at lines 1380--1380
[]\T2A/cmr/m/n/14.4 отнош.
 []


Underfull \hbox (badness 10000) in paragraph at lines 1380--1380
\T2A/cmr/m/n/14.4 по-греш-
 []


Underfull \hbox (badness 10000) in paragraph at lines 1380--1380
\T2A/cmr/m/n/14.4 но-стей
 []


Underfull \hbox (badness 10000) in paragraph at lines 1380--1380
[]\T2A/cmr/m/n/14.4 отнош.
 []


Underfull \hbox (badness 10000) in paragraph at lines 1380--1380
\T2A/cmr/m/n/14.4 по-греш-
 []


Underfull \hbox (badness 10000) in paragraph at lines 1380--1380
\T2A/cmr/m/n/14.4 но-стей
 []


Underfull \hbox (badness 10000) in paragraph at lines 1380--1381
[]\T2A/cmr/m/n/14.4 отнош.
 []


Underfull \hbox (badness 10000) in paragraph at lines 1380--1381
\T2A/cmr/m/n/14.4 по-греш-
 []


Underfull \hbox (badness 10000) in paragraph at lines 1380--1381
\T2A/cmr/m/n/14.4 но-стей
 []


Overfull \hbox (2.67484pt too wide) in paragraph at lines 1382--1383
[][]| 
 []


LaTeX Warning: `h' float specifier changed to `ht'.

[42]
Underfull \hbox (badness 10000) in paragraph at lines 1402--1402
\T2A/cmr/m/n/14.4 конечных
 []


Underfull \hbox (badness 10000) in paragraph at lines 1402--1402
[]\T2A/cmr/m/n/14.4 относительная
 []


Underfull \hbox (badness 10000) in paragraph at lines 1402--1402
\T2A/cmr/m/n/14.4 по-греш-ность
 []


Underfull \hbox (badness 10000) in paragraph at lines 1402--1402
\T2A/cmr/m/n/14.4 пе-ре-ме-ще-ний,
 []


Underfull \hbox (badness 10000) in paragraph at lines 1402--1402
[]\T2A/cmr/m/n/14.4 относительная
 []


Underfull \hbox (badness 10000) in paragraph at lines 1402--1402
\T2A/cmr/m/n/14.4 по-греш-ность
 []


Underfull \hbox (badness 10000) in paragraph at lines 1402--1402
\T2A/cmr/m/n/14.4 ра-ди-аль-ных
 []


Underfull \hbox (badness 10000) in paragraph at lines 1402--1402
\T2A/cmr/m/n/14.4 на-пря-же-ний,
 []


Underfull \hbox (badness 10000) in paragraph at lines 1402--1403
[]\T2A/cmr/m/n/14.4 относительная
 []


Underfull \hbox (badness 10000) in paragraph at lines 1402--1403
\T2A/cmr/m/n/14.4 по-греш-ность
 []


Underfull \hbox (badness 10000) in paragraph at lines 1402--1403
\T2A/cmr/m/n/14.4 окруж-ных
 []


Underfull \hbox (badness 10000) in paragraph at lines 1402--1403
\T2A/cmr/m/n/14.4 на-пря-же-ний,
 []


Overfull \hbox (2.67484pt too wide) in paragraph at lines 1404--1405
[][]| 
 []


LaTeX Warning: `h' float specifier changed to `ht'.


Underfull \hbox (badness 10000) in paragraph at lines 1424--1424
\T2A/cmr/m/n/14.4 конечных
 []


Underfull \hbox (badness 10000) in paragraph at lines 1424--1424
[]\T2A/cmr/m/n/14.4 отношение
 []


Underfull \hbox (badness 10000) in paragraph at lines 1424--1424
[]
 []


Underfull \hbox (badness 10000) in paragraph at lines 1424--1424
[]\T2A/cmr/m/n/14.4 отнош.
 []


Underfull \hbox (badness 10000) in paragraph at lines 1424--1424
\T2A/cmr/m/n/14.4 по-греш-
 []


Underfull \hbox (badness 10000) in paragraph at lines 1424--1424
\T2A/cmr/m/n/14.4 но-стей
 []


Underfull \hbox (badness 10000) in paragraph at lines 1424--1424
[]\T2A/cmr/m/n/14.4 отнош.
 []


Underfull \hbox (badness 10000) in paragraph at lines 1424--1424
\T2A/cmr/m/n/14.4 по-греш-
 []


Underfull \hbox (badness 10000) in paragraph at lines 1424--1424
\T2A/cmr/m/n/14.4 но-стей
 []


Underfull \hbox (badness 10000) in paragraph at lines 1424--1425
[]\T2A/cmr/m/n/14.4 отнош.
 []


Underfull \hbox (badness 10000) in paragraph at lines 1424--1425
\T2A/cmr/m/n/14.4 по-греш-
 []


Underfull \hbox (badness 10000) in paragraph at lines 1424--1425
\T2A/cmr/m/n/14.4 но-стей
 []


Overfull \hbox (2.67484pt too wide) in paragraph at lines 1426--1427
[][]| 
 []


LaTeX Warning: `h' float specifier changed to `ht'.

[43]

LaTeX Warning: Reference `3r' on page 44 undefined on input line 1466.


LaTeX Warning: Reference `3t' on page 44 undefined on input line 1466.

[44]

LaTeX Warning: File `ELR3_2.png' not found on input line 1471.


! Package pdftex.def Error: File `ELR3_2.png' not found: using draft setting.

See the pdftex.def package documentation for explanation.
Type  H <return>  for immediate help.
 ...                                              
                                                  
l.1471 \includegraphics[width=120mm]{ELR3_2.png}
                                                
Try typing  <return>  to proceed.
If that doesn't work, type  X <return>  to quit.


LaTeX Warning: File `ELT3_2.png' not found on input line 1479.


! Package pdftex.def Error: File `ELT3_2.png' not found: using draft setting.

See the pdftex.def package documentation for explanation.
Type  H <return>  for immediate help.
 ...                                              
                                                  
l.1479 \includegraphics[width=120mm]{ELT3_2.png}
                                                
Try typing  <return>  to proceed.
If that doesn't work, type  X <return>  to quit.


LaTeX Warning: `h' float specifier changed to `ht'.

[45]

LaTeX Warning: Reference `tabl:7' on page 46 undefined on input line 1489.


LaTeX Warning: Reference `tabl:8' on page 46 undefined on input line 1489.


LaTeX Warning: Reference `tabl:7ot' on page 46 undefined on input line 1489.


LaTeX Warning: Reference `tabl:8ot' on page 46 undefined on input line 1489.


Underfull \hbox (badness 10000) in paragraph at lines 1498--1498
[]\T2A/cmr/m/n/14.4 относительная
 []


Underfull \hbox (badness 10000) in paragraph at lines 1498--1498
\T2A/cmr/m/n/14.4 по-греш-ность
 []


Underfull \hbox (badness 10000) in paragraph at lines 1498--1498
\T2A/cmr/m/n/14.4 пе-ре-ме-ще-ний,
 []


Underfull \hbox (badness 10000) in paragraph at lines 1498--1498
[]\T2A/cmr/m/n/14.4 относительная
 []


Underfull \hbox (badness 10000) in paragraph at lines 1498--1498
\T2A/cmr/m/n/14.4 по-греш-ность
 []


Underfull \hbox (badness 10000) in paragraph at lines 1498--1498
\T2A/cmr/m/n/14.4 ра-ди-аль-ных
 []


Underfull \hbox (badness 10000) in paragraph at lines 1498--1498
\T2A/cmr/m/n/14.4 на-пря-же-ний,
 []


Underfull \hbox (badness 10000) in paragraph at lines 1498--1499
[]\T2A/cmr/m/n/14.4 относительная
 []


Underfull \hbox (badness 10000) in paragraph at lines 1498--1499
\T2A/cmr/m/n/14.4 по-греш-ность
 []


Underfull \hbox (badness 10000) in paragraph at lines 1498--1499
\T2A/cmr/m/n/14.4 окруж-ных
 []


Underfull \hbox (badness 10000) in paragraph at lines 1498--1499
\T2A/cmr/m/n/14.4 на-пря-же-ний,
 []


LaTeX Warning: `h' float specifier changed to `ht'.


Underfull \hbox (badness 10000) in paragraph at lines 1513--1513
[]\T2A/cmr/m/n/14.4 отношение
 []


Underfull \hbox (badness 10000) in paragraph at lines 1513--1513
[]
 []


Underfull \hbox (badness 10000) in paragraph at lines 1513--1513
[]\T2A/cmr/m/n/14.4 отнош.
 []


Underfull \hbox (badness 10000) in paragraph at lines 1513--1513
\T2A/cmr/m/n/14.4 по-греш-
 []


Underfull \hbox (badness 10000) in paragraph at lines 1513--1513
\T2A/cmr/m/n/14.4 но-стей
 []


Underfull \hbox (badness 10000) in paragraph at lines 1513--1513
[]\T2A/cmr/m/n/14.4 отнош.
 []


Underfull \hbox (badness 10000) in paragraph at lines 1513--1513
\T2A/cmr/m/n/14.4 по-греш-
 []


Underfull \hbox (badness 10000) in paragraph at lines 1513--1513
\T2A/cmr/m/n/14.4 но-стей
 []


Underfull \hbox (badness 10000) in paragraph at lines 1513--1514
[]\T2A/cmr/m/n/14.4 отнош.
 []


Underfull \hbox (badness 10000) in paragraph at lines 1513--1514
\T2A/cmr/m/n/14.4 по-греш-
 []


Underfull \hbox (badness 10000) in paragraph at lines 1513--1514
\T2A/cmr/m/n/14.4 но-стей
 []


LaTeX Warning: `h' float specifier changed to `ht'.

[46]
Underfull \hbox (badness 10000) in paragraph at lines 1529--1529
[]\T2A/cmr/m/n/14.4 относительная
 []


Underfull \hbox (badness 10000) in paragraph at lines 1529--1529
\T2A/cmr/m/n/14.4 по-греш-ность
 []


Underfull \hbox (badness 10000) in paragraph at lines 1529--1529
\T2A/cmr/m/n/14.4 пе-ре-ме-ще-ний,
 []


Underfull \hbox (badness 10000) in paragraph at lines 1529--1529
[]\T2A/cmr/m/n/14.4 относительная
 []


Underfull \hbox (badness 10000) in paragraph at lines 1529--1529
\T2A/cmr/m/n/14.4 по-греш-ность
 []


Underfull \hbox (badness 10000) in paragraph at lines 1529--1529
\T2A/cmr/m/n/14.4 ра-ди-аль-ных
 []


Underfull \hbox (badness 10000) in paragraph at lines 1529--1529
\T2A/cmr/m/n/14.4 на-пря-же-ний,
 []


Underfull \hbox (badness 10000) in paragraph at lines 1529--1530
[]\T2A/cmr/m/n/14.4 относительная
 []


Underfull \hbox (badness 10000) in paragraph at lines 1529--1530
\T2A/cmr/m/n/14.4 по-греш-ность
 []


Underfull \hbox (badness 10000) in paragraph at lines 1529--1530
\T2A/cmr/m/n/14.4 окруж-ных
 []


Underfull \hbox (badness 10000) in paragraph at lines 1529--1530
\T2A/cmr/m/n/14.4 на-пря-же-ний,
 []


LaTeX Warning: `h' float specifier changed to `ht'.


Underfull \hbox (badness 10000) in paragraph at lines 1544--1544
[]\T2A/cmr/m/n/14.4 отношение
 []


Underfull \hbox (badness 10000) in paragraph at lines 1544--1544
[]
 []


Underfull \hbox (badness 10000) in paragraph at lines 1544--1544
[]\T2A/cmr/m/n/14.4 отнош.
 []


Underfull \hbox (badness 10000) in paragraph at lines 1544--1544
\T2A/cmr/m/n/14.4 по-греш-
 []


Underfull \hbox (badness 10000) in paragraph at lines 1544--1544
\T2A/cmr/m/n/14.4 но-стей
 []


Underfull \hbox (badness 10000) in paragraph at lines 1544--1544
[]\T2A/cmr/m/n/14.4 отнош.
 []


Underfull \hbox (badness 10000) in paragraph at lines 1544--1544
\T2A/cmr/m/n/14.4 по-греш-
 []


Underfull \hbox (badness 10000) in paragraph at lines 1544--1544
\T2A/cmr/m/n/14.4 но-стей
 []


Underfull \hbox (badness 10000) in paragraph at lines 1544--1545
[]\T2A/cmr/m/n/14.4 отнош.
 []


Underfull \hbox (badness 10000) in paragraph at lines 1544--1545
\T2A/cmr/m/n/14.4 по-греш-
 []


Underfull \hbox (badness 10000) in paragraph at lines 1544--1545
\T2A/cmr/m/n/14.4 но-стей
 []


LaTeX Warning: `h' float specifier changed to `ht'.


Overfull \hbox (21.79097pt too wide) in paragraph at lines 1589--1590
[]\T2A/cmr/m/n/14.4 полученные ме-то-дом сме-шан-ных ко-неч-ных эле-мен-тов ра-ди-аль-ные и окруж-
 []


LaTeX Warning: Reference `4r' on page 47 undefined on input line 1595.


LaTeX Warning: Reference `4t' on page 47 undefined on input line 1595.

[47]

LaTeX Warning: File `ElR4_2.png' not found on input line 1600.


! Package pdftex.def Error: File `ElR4_2.png' not found: using draft setting.

See the pdftex.def package documentation for explanation.
Type  H <return>  for immediate help.
 ...                                              
                                                  
l.1600 \includegraphics[width=120mm]{ElR4_2.png}
                                                
Try typing  <return>  to proceed.
If that doesn't work, type  X <return>  to quit.


LaTeX Warning: `h' float specifier changed to `ht'.


LaTeX Warning: File `ELT4_2.png' not found on input line 1608.


! Package pdftex.def Error: File `ELT4_2.png' not found: using draft setting.

See the pdftex.def package documentation for explanation.
Type  H <return>  for immediate help.
 ...                                              
                                                  
l.1608 \includegraphics[width=120mm]{ELT4_2.png}
                                                
Try typing  <return>  to proceed.
If that doesn't work, type  X <return>  to quit.


LaTeX Warning: `h' float specifier changed to `ht'.

[48]

LaTeX Warning: File `ErrSigmaRZoom.png' not found on input line 1624.


! Package pdftex.def Error: File `ErrSigmaRZoom.png' not found: using draft setting.

See the pdftex.def package documentation for explanation.
Type  H <return>  for immediate help.
 ...                                              
                                                  
l.1624 ...egraphics[scale=0.73]{ErrSigmaRZoom.png}
                                                  
Try typing  <return>  to proceed.
If that doesn't work, type  X <return>  to quit.


LaTeX Warning: File `ErrSigmaR_1.png' not found on input line 1628.


! Package pdftex.def Error: File `ErrSigmaR_1.png' not found: using draft setting.

See the pdftex.def package documentation for explanation.
Type  H <return>  for immediate help.
 ...                                              
                                                  
l.1628 ...udegraphics[scale=0.73]{ErrSigmaR_1.png}
                                                  
Try typing  <return>  to proceed.
If that doesn't work, type  X <return>  to quit.

[49]

LaTeX Warning: File `ErrSigmaR_2.png' not found on input line 1635.


! Package pdftex.def Error: File `ErrSigmaR_2.png' not found: using draft setting.

See the pdftex.def package documentation for explanation.
Type  H <return>  for immediate help.
 ...                                              
                                                  
l.1635 ...udegraphics[scale=0.74]{ErrSigmaR_2.png}
                                                  
Try typing  <return>  to proceed.
If that doesn't work, type  X <return>  to quit.


LaTeX Warning: File `ErrSigmaR_3.png' not found on input line 1639.


! Package pdftex.def Error: File `ErrSigmaR_3.png' not found: using draft setting.

See the pdftex.def package documentation for explanation.
Type  H <return>  for immediate help.
 ...                                              
                                                  
l.1639 ...udegraphics[scale=0.74]{ErrSigmaR_3.png}
                                                  
Try typing  <return>  to proceed.
If that doesn't work, type  X <return>  to quit.


LaTeX Warning: Reference `SigmaRMaxZoom' on page 50 undefined on input line 1644.


LaTeX Warning: Reference `SigmaRMax1' on page 50 undefined on input line 1644.


LaTeX Warning: Reference `SigmaRMax3' on page 50 undefined on input line 1644.


LaTeX Warning: Reference `EpsRMax' on page 50 undefined on input line 1646.

[50] [51]

LaTeX Warning: File `EpsRMax.png' not found on input line 1651.


! Package pdftex.def Error: File `EpsRMax.png' not found: using draft setting.

See the pdftex.def package documentation for explanation.
Type  H <return>  for immediate help.
 ...                                              
                                                  
l.1651 \includegraphics[scale=0.8]{EpsRMax.png}
                                               
Try typing  <return>  to proceed.
If that doesn't work, type  X <return>  to quit.


LaTeX Warning: Reference `EpsRMax' on page 52 undefined on input line 1657.


LaTeX Warning: Reference `CSSigmaRResult' on page 52 undefined on input line 1659.


LaTeX Warning: Reference `CSSigmaTResult' on page 52 undefined on input line 1659.


LaTeX Warning: Reference `Error_Ab_L2' on page 52 undefined on input line 1659.


LaTeX Warning: Reference `Error_Ot_L2' on page 52 undefined on input line 1659.


LaTeX Warning: Reference `EpsZV' on page 52 undefined on input line 1661.


LaTeX Warning: Reference `EpsZV' on page 52 undefined on input line 1661.

[52]

LaTeX Warning: File `EpsZVMax.png' not found on input line 1665.


! Package pdftex.def Error: File `EpsZVMax.png' not found: using draft setting.

See the pdftex.def package documentation for explanation.
Type  H <return>  for immediate help.
 ...                                              
                                                  
l.1665 \includegraphics[scale=0.8]{EpsZVMax.png}
                                                
Try typing  <return>  to proceed.
If that doesn't work, type  X <return>  to quit.

[53]

LaTeX Warning: Reference `tabl:1CS' on page 54 undefined on input line 1675.


LaTeX Warning: Reference `tabl:1CSot' on page 54 undefined on input line 1675.


Underfull \hbox (badness 10000) in paragraph at lines 1685--1685
\T2A/cmr/m/n/14.4 конечных
 []


Underfull \hbox (badness 10000) in paragraph at lines 1685--1685
[]\T2A/cmr/m/n/14.4 относительная
 []


Underfull \hbox (badness 10000) in paragraph at lines 1685--1685
\T2A/cmr/m/n/14.4 по-греш-ность
 []


Underfull \hbox (badness 10000) in paragraph at lines 1685--1685
\T2A/cmr/m/n/14.4 ра-ди-аль-ных
 []


Underfull \hbox (badness 10000) in paragraph at lines 1685--1685
\T2A/cmr/m/n/14.4 на-пря-же-ний,
 []


Underfull \hbox (badness 10000) in paragraph at lines 1685--1685
[]\T2A/cmr/m/n/14.4 относительная
 []


Underfull \hbox (badness 10000) in paragraph at lines 1685--1685
\T2A/cmr/m/n/14.4 по-греш-ность
 []


Underfull \hbox (badness 10000) in paragraph at lines 1685--1685
\T2A/cmr/m/n/14.4 окруж-ных
 []


Underfull \hbox (badness 10000) in paragraph at lines 1685--1685
\T2A/cmr/m/n/14.4 на-пря-же-ний,
 []


Overfull \hbox (2.67484pt too wide) in paragraph at lines 1686--1687
[][]| 
 []


Underfull \hbox (badness 10000) in paragraph at lines 1705--1705
\T2A/cmr/m/n/14.4 конечных
 []


Underfull \hbox (badness 10000) in paragraph at lines 1705--1705
[]\T2A/cmr/m/n/14.4 отношение
 []


Underfull \hbox (badness 10000) in paragraph at lines 1705--1705
[]
 []


Underfull \hbox (badness 10000) in paragraph at lines 1705--1705
[]\T2A/cmr/m/n/14.4 отнош.
 []


Underfull \hbox (badness 10000) in paragraph at lines 1705--1705
\T2A/cmr/m/n/14.4 по-греш-
 []


Underfull \hbox (badness 10000) in paragraph at lines 1705--1705
\T2A/cmr/m/n/14.4 но-стей
 []


Underfull \hbox (badness 10000) in paragraph at lines 1705--1706
[]\T2A/cmr/m/n/14.4 отнош.
 []


Underfull \hbox (badness 10000) in paragraph at lines 1705--1706
\T2A/cmr/m/n/14.4 по-греш-
 []


Underfull \hbox (badness 10000) in paragraph at lines 1705--1706
\T2A/cmr/m/n/14.4 но-стей
 []


Overfull \hbox (2.67484pt too wide) in paragraph at lines 1707--1708
[][]| 
 []

[54]

LaTeX Warning: Reference `fig:CS1' on page 55 undefined on input line 1725.


LaTeX Warning: Reference `sub@fig:CS1r201' on page 55 undefined on input line 1725.


LaTeX Warning: Reference `fig:CS1' on page 55 undefined on input line 1725.


LaTeX Warning: Reference `sub@fig:CS1t203' on page 55 undefined on input line 1725.


LaTeX Warning: File `CSR1_1.png' not found on input line 1734.


! Package pdftex.def Error: File `CSR1_1.png' not found: using draft setting.

See the pdftex.def package documentation for explanation.
Type  H <return>  for immediate help.
 ...                                              
                                                  
l.1734 \includegraphics[width=80mm]{CSR1_1.png}
                                               
Try typing  <return>  to proceed.
If that doesn't work, type  X <return>  to quit.


Overfull \hbox (9.95993pt too wide) in paragraph at lines 1734--1735
 [][] 
 []


LaTeX Warning: File `CST1_1.png' not found on input line 1741.


! Package pdftex.def Error: File `CST1_1.png' not found: using draft setting.

See the pdftex.def package documentation for explanation.
Type  H <return>  for immediate help.
 ...                                              
                                                  
l.1741 \includegraphics[width=80mm]{CST1_1.png}
                                               
Try typing  <return>  to proceed.
If that doesn't work, type  X <return>  to quit.


Overfull \hbox (9.95993pt too wide) in paragraph at lines 1741--1742
 [][] 
 []


LaTeX Warning: File `CSR1_2.png' not found on input line 1750.


! Package pdftex.def Error: File `CSR1_2.png' not found: using draft setting.

See the pdftex.def package documentation for explanation.
Type  H <return>  for immediate help.
 ...                                              
                                                  
l.1750 \includegraphics[width=80mm]{CSR1_2.png}
                                               
Try typing  <return>  to proceed.
If that doesn't work, type  X <return>  to quit.


Overfull \hbox (9.95993pt too wide) in paragraph at lines 1750--1751
 [][] 
 []


LaTeX Warning: File `CST1_2.png' not found on input line 1757.


! Package pdftex.def Error: File `CST1_2.png' not found: using draft setting.

See the pdftex.def package documentation for explanation.
Type  H <return>  for immediate help.
 ...                                              
                                                  
l.1757 \includegraphics[width=80mm]{CST1_2.png}
                                               
Try typing  <return>  to proceed.
If that doesn't work, type  X <return>  to quit.


Overfull \hbox (9.95993pt too wide) in paragraph at lines 1757--1758
 [][] 
 []


LaTeX Warning: File `CSR1_3.png' not found on input line 1766.


! Package pdftex.def Error: File `CSR1_3.png' not found: using draft setting.

See the pdftex.def package documentation for explanation.
Type  H <return>  for immediate help.
 ...                                              
                                                  
l.1766 \includegraphics[width=80mm]{CSR1_3.png}
                                               
Try typing  <return>  to proceed.
If that doesn't work, type  X <return>  to quit.


Overfull \hbox (9.95993pt too wide) in paragraph at lines 1766--1767
 [][] 
 []


LaTeX Warning: File `CST1_3.png' not found on input line 1773.


! Package pdftex.def Error: File `CST1_3.png' not found: using draft setting.

See the pdftex.def package documentation for explanation.
Type  H <return>  for immediate help.
 ...                                              
                                                  
l.1773 \includegraphics[width=80mm]{CST1_3.png}
                                               
Try typing  <return>  to proceed.
If that doesn't work, type  X <return>  to quit.


Overfull \hbox (9.95993pt too wide) in paragraph at lines 1773--1774
 [][] 
 []


LaTeX Warning: Float too large for page by 224.93497pt on input line 1779.

[55] [56]

LaTeX Warning: Reference `tabl:2CS' on page 57 undefined on input line 1786.


LaTeX Warning: Reference `tabl:2CSot' on page 57 undefined on input line 1786.


Underfull \hbox (badness 10000) in paragraph at lines 1795--1795
\T2A/cmr/m/n/14.4 конечных
 []


Underfull \hbox (badness 10000) in paragraph at lines 1795--1795
[]\T2A/cmr/m/n/14.4 относительная
 []


Underfull \hbox (badness 10000) in paragraph at lines 1795--1795
\T2A/cmr/m/n/14.4 по-греш-ность
 []


Underfull \hbox (badness 10000) in paragraph at lines 1795--1795
\T2A/cmr/m/n/14.4 ра-ди-аль-ных
 []


Underfull \hbox (badness 10000) in paragraph at lines 1795--1795
\T2A/cmr/m/n/14.4 на-пря-же-ний,
 []


Underfull \hbox (badness 10000) in paragraph at lines 1795--1796
[]\T2A/cmr/m/n/14.4 относительная
 []


Underfull \hbox (badness 10000) in paragraph at lines 1795--1796
\T2A/cmr/m/n/14.4 по-греш-ность
 []


Underfull \hbox (badness 10000) in paragraph at lines 1795--1796
\T2A/cmr/m/n/14.4 окруж-ных
 []


Underfull \hbox (badness 10000) in paragraph at lines 1795--1796
\T2A/cmr/m/n/14.4 на-пря-же-ний,
 []


Overfull \hbox (2.67484pt too wide) in paragraph at lines 1797--1798
[][]| 
 []


Underfull \hbox (badness 10000) in paragraph at lines 1817--1817
\T2A/cmr/m/n/14.4 конечных
 []


Underfull \hbox (badness 10000) in paragraph at lines 1817--1817
[]\T2A/cmr/m/n/14.4 отношение
 []


Underfull \hbox (badness 10000) in paragraph at lines 1817--1817
[]
 []


Underfull \hbox (badness 10000) in paragraph at lines 1817--1817
[]\T2A/cmr/m/n/14.4 отнош.
 []


Underfull \hbox (badness 10000) in paragraph at lines 1817--1817
\T2A/cmr/m/n/14.4 по-греш-
 []


Underfull \hbox (badness 10000) in paragraph at lines 1817--1817
\T2A/cmr/m/n/14.4 но-стей
 []


Underfull \hbox (badness 10000) in paragraph at lines 1817--1818
[]\T2A/cmr/m/n/14.4 отнош.
 []


Underfull \hbox (badness 10000) in paragraph at lines 1817--1818
\T2A/cmr/m/n/14.4 по-греш-
 []


Underfull \hbox (badness 10000) in paragraph at lines 1817--1818
\T2A/cmr/m/n/14.4 но-стей
 []


Overfull \hbox (2.67484pt too wide) in paragraph at lines 1819--1820
[][]| 
 []

[57] [58]

LaTeX Warning: Reference `tabl:3CS' on page 59 undefined on input line 1847.


Underfull \hbox (badness 10000) in paragraph at lines 1856--1856
\T2A/cmr/m/n/14.4 конечных
 []


Underfull \hbox (badness 10000) in paragraph at lines 1856--1856
[]\T2A/cmr/m/n/14.4 относительная
 []


Underfull \hbox (badness 10000) in paragraph at lines 1856--1856
\T2A/cmr/m/n/14.4 по-греш-ность
 []


Underfull \hbox (badness 10000) in paragraph at lines 1856--1856
\T2A/cmr/m/n/14.4 ра-ди-аль-ных
 []


Underfull \hbox (badness 10000) in paragraph at lines 1856--1856
\T2A/cmr/m/n/14.4 на-пря-же-ний,
 []


Underfull \hbox (badness 10000) in paragraph at lines 1856--1857
[]\T2A/cmr/m/n/14.4 относительная
 []


Underfull \hbox (badness 10000) in paragraph at lines 1856--1857
\T2A/cmr/m/n/14.4 по-греш-ность
 []


Underfull \hbox (badness 10000) in paragraph at lines 1856--1857
\T2A/cmr/m/n/14.4 окруж-ных
 []


Underfull \hbox (badness 10000) in paragraph at lines 1856--1857
\T2A/cmr/m/n/14.4 на-пря-же-ний,
 []


Overfull \hbox (2.67484pt too wide) in paragraph at lines 1858--1859
[][]| 
 []

Excluding 'comment' comment. [59] Excluding 'comment' comment.

LaTeX Warning: Reference `fig:CS3' on page 60 undefined on input line 1925.


LaTeX Warning: Reference `sub@fig:CS3r201' on page 60 undefined on input line 1925.


LaTeX Warning: Reference `fig:CS3' on page 60 undefined on input line 1925.


LaTeX Warning: Reference `sub@fig:CS3t203' on page 60 undefined on input line 1925.


LaTeX Warning: File `CSR3_1.png' not found on input line 1932.


! Package pdftex.def Error: File `CSR3_1.png' not found: using draft setting.

See the pdftex.def package documentation for explanation.
Type  H <return>  for immediate help.
 ...                                              
                                                  
l.1932 \includegraphics[width=80mm]{CSR3_1.png}
                                               
Try typing  <return>  to proceed.
If that doesn't work, type  X <return>  to quit.


Overfull \hbox (9.95993pt too wide) in paragraph at lines 1932--1933
 [][] 
 []


LaTeX Warning: File `CST3_1.png' not found on input line 1939.


! Package pdftex.def Error: File `CST3_1.png' not found: using draft setting.

See the pdftex.def package documentation for explanation.
Type  H <return>  for immediate help.
 ...                                              
                                                  
l.1939 \includegraphics[width=80mm]{CST3_1.png}
                                               
Try typing  <return>  to proceed.
If that doesn't work, type  X <return>  to quit.


Overfull \hbox (9.95993pt too wide) in paragraph at lines 1939--1940
 [][] 
 []


LaTeX Warning: File `CSR3_2.png' not found on input line 1948.


! Package pdftex.def Error: File `CSR3_2.png' not found: using draft setting.

See the pdftex.def package documentation for explanation.
Type  H <return>  for immediate help.
 ...                                              
                                                  
l.1948 \includegraphics[width=80mm]{CSR3_2.png}
                                               
Try typing  <return>  to proceed.
If that doesn't work, type  X <return>  to quit.


Overfull \hbox (9.95993pt too wide) in paragraph at lines 1948--1949
 [][] 
 []


LaTeX Warning: File `CST3_2.png' not found on input line 1955.


! Package pdftex.def Error: File `CST3_2.png' not found: using draft setting.

See the pdftex.def package documentation for explanation.
Type  H <return>  for immediate help.
 ...                                              
                                                  
l.1955 \includegraphics[width=80mm]{CST3_2.png}
                                               
Try typing  <return>  to proceed.
If that doesn't work, type  X <return>  to quit.


Overfull \hbox (9.95993pt too wide) in paragraph at lines 1955--1956
 [][] 
 []


LaTeX Warning: File `CSR3_3.png' not found on input line 1964.


! Package pdftex.def Error: File `CSR3_3.png' not found: using draft setting.

See the pdftex.def package documentation for explanation.
Type  H <return>  for immediate help.
 ...                                              
                                                  
l.1964 \includegraphics[width=80mm]{CSR3_3.png}
                                               
Try typing  <return>  to proceed.
If that doesn't work, type  X <return>  to quit.


Overfull \hbox (9.95993pt too wide) in paragraph at lines 1964--1965
 [][] 
 []


LaTeX Warning: File `CST3_3.png' not found on input line 1971.


! Package pdftex.def Error: File `CST3_3.png' not found: using draft setting.

See the pdftex.def package documentation for explanation.
Type  H <return>  for immediate help.
 ...                                              
                                                  
l.1971 \includegraphics[width=80mm]{CST3_3.png}
                                               
Try typing  <return>  to proceed.
If that doesn't work, type  X <return>  to quit.


Overfull \hbox (9.95993pt too wide) in paragraph at lines 1971--1972
 [][] 
 []


LaTeX Warning: Float too large for page by 224.93497pt on input line 1977.

[60] [61] [62]
Underfull \hbox (badness 10000) in paragraph at lines 2000--2001
[]\T2A/cmr/m/n/14.4 Сагдеева, Ю.А. Вве-де-ние в ме-тод ко-неч-ных эле-мен-тов:
 []


Underfull \hbox (badness 10000) in paragraph at lines 2000--2001
\T2A/cmr/m/n/14.4 метод.пособие/Ю.А.Сагдеева,С.П.Копысов,А.К.Новиков.-Ижевск:Изд-во
 []


Underfull \hbox (badness 10000) in paragraph at lines 2003--2004
[]\T2A/cmr/m/n/14.4 Князева А.Г. Теп-ло-фи-зи-че-ские ос-но-вы со-вре-мен-ных ме-то-дов
 []


Underfull \hbox (badness 10000) in paragraph at lines 2003--2004
\T2A/cmr/m/n/14.4 металлообработки.-Томск:Изд-во "Том-ский по-ли-тех-ни-че-ский
 []

[63] [64] (SRW.aux)

LaTeX Warning: There were undefined references.


LaTeX Warning: Label(s) may have changed. Rerun to get cross-references right.

 ) 
Here is how much of TeX's memory you used:
 7038 strings out of 493305
 97278 string characters out of 3138878
 184891 words of memory out of 3000000
 10303 multiletter control sequences out of 15000+200000
 27943 words of font info for 70 fonts, out of 3000000 for 9000
 1141 hyphenation exceptions out of 8191
 42i,18n,43p,1530b,501s stack positions out of 5000i,500n,10000p,200000b,50000s
 <C:\Users\Comp\AppData\Local\MiKTeX\2.9\fonts\pk\ljfour\lh\lh-t2a\dpi600\lati1440.pk> <C:\Users\Comp\AppData\Local\Mi
KTeX\2.9\fonts\pk\ljfour\lh\lh-t2a\dpi600\latt1440.pk> <C:\Users\Comp\AppData\Local\MiKTeX\2.9\fonts\pk\ljfour\lh\lh-t2a
\dpi600\labx1440.pk> <C:\Users\Comp\AppData\Local\MiKTeX\2.9\fonts\pk\ljfour\lh\lh-t2a\dpi600\larm1440.pk> <C:\Users\Com
p\AppData\Local\MiKTeX\2.9\fonts\pk\ljfour\lh\lh-t2a\dpi600\labx1728.pk> <C:\Users\Comp\AppData\Local\MiKTeX\2.9\fonts\p
k\ljfour\lh\lh-t2a\dpi600\larm1000.pk> <C:\Users\Comp\AppData\Local\MiKTeX\2.9\fonts\pk\ljfour\lh\lh-t2a\dpi600\larm1728
.pk> <C:\Users\Comp\AppData\Local\MiKTeX\2.9\fonts\pk\ljfour\lh\lh-t2a\dpi600\labi1728.pk> <C:\Users\Comp\AppData\Local\
MiKTeX\2.9\fonts\pk\ljfour\lh\lh-t2a\dpi600\labx2074.pk> <C:\Users\Comp\AppData\Local\MiKTeX\2.9\fonts\pk\ljfour\lh\lh-t
2a\dpi600\larm1200.pk> <C:\Users\Comp\AppData\Local\MiKTeX\2.9\fonts\pk\ljfour\lh\lh-t2a\dpi600\labx1200.pk><C:/Program 
Files/MiKTeX 2.9/fonts/type1/public/amsfonts/cm/cmbx10.pfb><C:/Program Files/MiKTeX 2.9/fonts/type1/public/amsfonts/cm/c
mbx12.pfb><C:/Program Files/MiKTeX 2.9/fonts/type1/public/amsfonts/cm/cmex10.pfb><C:/Program Files/MiKTeX 2.9/fonts/type
1/public/amsfonts/cm/cmmi10.pfb><C:/Program Files/MiKTeX 2.9/fonts/type1/public/amsfonts/cm/cmmi12.pfb><C:/Program Files
/MiKTeX 2.9/fonts/type1/public/amsfonts/cm/cmmi7.pfb><C:/Program Files/MiKTeX 2.9/fonts/type1/public/amsfonts/cm/cmmib10
.pfb><C:/Program Files/MiKTeX 2.9/fonts/type1/public/amsfonts/cm/cmr10.pfb><C:/Program Files/MiKTeX 2.9/fonts/type1/publ
ic/amsfonts/cm/cmr12.pfb><C:/Program Files/MiKTeX 2.9/fonts/type1/public/amsfonts/cm/cmr7.pfb><C:/Program Files/MiKTeX 2
.9/fonts/type1/public/amsfonts/cm/cmsy10.pfb><C:/Program Files/MiKTeX 2.9/fonts/type1/public/amsfonts/cm/cmsy7.pfb>
Output written on SRW.pdf (64 pages, 440726 bytes).
PDF statistics:
 764 PDF objects out of 1000 (max. 8388607)
 0 named destinations out of 1000 (max. 500000)
 21 words of extra memory for PDF output out of 10000 (max. 10000000)

